#
# There is insufficient memory for the Java Runtime Environment to continue.
# Native memory allocation (malloc) failed to allocate 800416 bytes for Chunk::new
# Possible reasons:
#   The system is out of physical RAM or swap space
#   In 32 bit mode, the process size limit was hit
# Possible solutions:
#   Reduce memory load on the system
#   Increase physical memory or swap space
#   Check if swap backing store is full
#   Use 64 bit Java on a 64 bit OS
#   Decrease Java heap size (-Xmx/-Xms)
#   Decrease number of Java threads
#   Decrease Java thread stack sizes (-Xss)
#   Set larger code cache with -XX:ReservedCodeCacheSize=
# This output file may be truncated or incomplete.
#
#  Out of Memory Error (allocation.cpp:390), pid=4892, tid=0x0000000000001814
#
# JRE version: OpenJDK Runtime Environment (8.0_112-b06) (build 1.8.0_112-release-b06)
# Java VM: OpenJDK 64-Bit Server VM (25.112-b06 mixed mode windows-amd64 compressed oops)
# Failed to write core dump. Minidumps are not enabled by default on client versions of Windows
#

---------------  T H R E A D  ---------------

Current thread (0x0000000014c0a000):  JavaThread "C2 CompilerThread0" daemon [_thread_in_native, id=6164, stack(0x00000000168f0000,0x00000000169f0000)]

Stack: [0x00000000168f0000,0x00000000169f0000]
[error occurred during error reporting (printing stack bounds), id 0xc0000005]

Native frames: (J=compiled Java code, j=interpreted, Vv=VM code, C=native code)


Current CompileTask:
C2:   1605 1329   !   4       com.android.dx.cf.cst.ConstantPoolParser::parse0 (731 bytes)


---------------  P R O C E S S  ---------------

Java Threads: ( => current thread )
  0x0000000016558000 JavaThread "pool-1-thread-4" [_thread_in_Java, id=5572, stack(0x00000000171f0000,0x00000000172f0000)]
  0x00000000164b4800 JavaThread "pool-1-thread-3" [_thread_in_Java, id=2976, stack(0x00000000170f0000,0x00000000171f0000)]
  0x0000000016557000 JavaThread "pool-1-thread-2" [_thread_in_Java, id=5784, stack(0x0000000016ff0000,0x00000000170f0000)]
  0x0000000016499800 JavaThread "pool-2-thread-1" [_thread_blocked, id=5708, stack(0x0000000016ef0000,0x0000000016ff0000)]
  0x00000000164e2800 JavaThread "pool-1-thread-1" [_thread_in_Java, id=5516, stack(0x0000000016df0000,0x0000000016ef0000)]
  0x000000001634e000 JavaThread "Service Thread" daemon [_thread_blocked, id=6864, stack(0x0000000016bf0000,0x0000000016cf0000)]
  0x0000000016349000 JavaThread "C1 CompilerThread2" daemon [_thread_in_native, id=6508, stack(0x0000000016af0000,0x0000000016bf0000)]
  0x0000000016342000 JavaThread "C2 CompilerThread1" daemon [_thread_in_native, id=2444, stack(0x00000000169f0000,0x0000000016af0000)]
=>0x0000000014c0a000 JavaThread "C2 CompilerThread0" daemon [_thread_in_native, id=6164, stack(0x00000000168f0000,0x00000000169f0000)]
  0x0000000014bf6000 JavaThread "Attach Listener" daemon [_thread_blocked, id=3480, stack(0x00000000167f0000,0x00000000168f0000)]
  0x00000000162f8800 JavaThread "Signal Dispatcher" daemon [_thread_blocked, id=6348, stack(0x00000000166f0000,0x00000000167f0000)]
  0x0000000014be8000 JavaThread "Finalizer" daemon [_thread_blocked, id=6932, stack(0x0000000015e50000,0x0000000015f50000)]
  0x0000000014bc7000 JavaThread "Reference Handler" daemon [_thread_blocked, id=5128, stack(0x0000000015d50000,0x0000000015e50000)]
  0x0000000002430800 JavaThread "main" [_thread_in_Java, id=5676, stack(0x00000000022b0000,0x00000000023b0000)]

Other Threads:
  0x0000000014bc5800 VMThread [stack: 0x0000000015c50000,0x0000000015d50000] [id=6480]
  0x000000001634f000 WatcherThread [stack: 0x0000000016cf0000,0x0000000016df0000] [id=1888]

VM state:not at safepoint (normal execution)

VM Mutex/Monitor currently owned by a thread: None

Heap:
 PSYoungGen      total 35328K, used 14806K [0x00000000eab00000, 0x00000000ed000000, 0x0000000100000000)
  eden space 32768K, 37% used [0x00000000eab00000,0x00000000eb6f5ef0,0x00000000ecb00000)
  from space 2560K, 99% used [0x00000000ecd80000,0x00000000ecfffc90,0x00000000ed000000)
  to   space 2560K, 0% used [0x00000000ecb00000,0x00000000ecb00000,0x00000000ecd80000)
 ParOldGen       total 44032K, used 4071K [0x00000000c0000000, 0x00000000c2b00000, 0x00000000eab00000)
  object space 44032K, 9% used [0x00000000c0000000,0x00000000c03f9fc8,0x00000000c2b00000)
 Metaspace       used 6085K, capacity 7024K, committed 7296K, reserved 1056768K
  class space    used 576K, capacity 616K, committed 640K, reserved 1048576K

Card table byte_map: [0x00000000118f0000,0x0000000011b00000] byte_map_base: 0x00000000112f0000

Marking Bits: (ParMarkBitMap*) 0x0000000051dc18f0
 Begin Bits: [0x0000000012060000, 0x0000000013060000)
 End Bits:   [0x0000000013060000, 0x0000000014060000)

Polling page: 0x0000000001f30000

CodeCache: size=245760Kb used=5655Kb max_used=5655Kb free=240104Kb
 bounds [0x0000000002530000, 0x0000000002ac0000, 0x0000000011530000]
 total_blobs=1683 nmethods=1412 adapters=184
 compilation: enabled

Compilation events (10 events):
Event: 1.584 Thread 0x0000000016349000 nmethod 1421 0x0000000002ab0fd0 code [0x0000000002ab11e0, 0x0000000002ab1cd8]
Event: 1.584 Thread 0x0000000016349000 1417       3       com.android.dx.dex.code.StdCatchBuilder::<init> (62 bytes)
Event: 1.584 Thread 0x0000000016349000 nmethod 1417 0x0000000002ab2450 code [0x0000000002ab2600, 0x0000000002ab2ac8]
Event: 1.584 Thread 0x0000000016349000 1418       3       com.android.dx.rop.code.LocalVariableExtractor::extract (14 bytes)
Event: 1.585 Thread 0x0000000016349000 nmethod 1418 0x0000000002ab2c90 code [0x0000000002ab2e00, 0x0000000002ab2ff8]
Event: 1.585 Thread 0x0000000016349000 1419       3       com.android.dx.rop.code.LocalVariableExtractor::<init> (59 bytes)
Event: 1.585 Thread 0x0000000016349000 nmethod 1419 0x0000000002ab30d0 code [0x0000000002ab3280, 0x0000000002ab3888]
Event: 1.585 Thread 0x0000000016349000 1420       3       com.android.dx.dex.code.OutputCollector::getFinisher (26 bytes)
Event: 1.585 Thread 0x0000000016349000 nmethod 1420 0x0000000002ab3ad0 code [0x0000000002ab3c60, 0x0000000002ab3ef8]
Event: 1.600 Thread 0x0000000016349000 1428       3       com.android.dx.ssa.SsaRenamer::<init> (100 bytes)

GC Heap History (4 events):
Event: 0.997 GC heap before
{Heap before GC invocations=1 (full 0):
 PSYoungGen      total 18944K, used 16384K [0x00000000eab00000, 0x00000000ec000000, 0x0000000100000000)
  eden space 16384K, 100% used [0x00000000eab00000,0x00000000ebb00000,0x00000000ebb00000)
  from space 2560K, 0% used [0x00000000ebd80000,0x00000000ebd80000,0x00000000ec000000)
  to   space 2560K, 0% used [0x00000000ebb00000,0x00000000ebb00000,0x00000000ebd80000)
 ParOldGen       total 44032K, used 0K [0x00000000c0000000, 0x00000000c2b00000, 0x00000000eab00000)
  object space 44032K, 0% used [0x00000000c0000000,0x00000000c0000000,0x00000000c2b00000)
 Metaspace       used 5790K, capacity 6768K, committed 7040K, reserved 1056768K
  class space    used 574K, capacity 616K, committed 640K, reserved 1048576K
Event: 1.016 GC heap after
Heap after GC invocations=1 (full 0):
 PSYoungGen      total 18944K, used 2546K [0x00000000eab00000, 0x00000000ed000000, 0x0000000100000000)
  eden space 16384K, 0% used [0x00000000eab00000,0x00000000eab00000,0x00000000ebb00000)
  from space 2560K, 99% used [0x00000000ebb00000,0x00000000ebd7ca90,0x00000000ebd80000)
  to   space 2560K, 0% used [0x00000000ecd80000,0x00000000ecd80000,0x00000000ed000000)
 ParOldGen       total 44032K, used 1915K [0x00000000c0000000, 0x00000000c2b00000, 0x00000000eab00000)
  object space 44032K, 4% used [0x00000000c0000000,0x00000000c01dec20,0x00000000c2b00000)
 Metaspace       used 5790K, capacity 6768K, committed 7040K, reserved 1056768K
  class space    used 574K, capacity 616K, committed 640K, reserved 1048576K
}
Event: 1.444 GC heap before
{Heap before GC invocations=2 (full 0):
 PSYoungGen      total 18944K, used 18930K [0x00000000eab00000, 0x00000000ed000000, 0x0000000100000000)
  eden space 16384K, 100% used [0x00000000eab00000,0x00000000ebb00000,0x00000000ebb00000)
  from space 2560K, 99% used [0x00000000ebb00000,0x00000000ebd7ca90,0x00000000ebd80000)
  to   space 2560K, 0% used [0x00000000ecd80000,0x00000000ecd80000,0x00000000ed000000)
 ParOldGen       total 44032K, used 1915K [0x00000000c0000000, 0x00000000c2b00000, 0x00000000eab00000)
  object space 44032K, 4% used [0x00000000c0000000,0x00000000c01dec20,0x00000000c2b00000)
 Metaspace       used 6021K, capacity 6960K, committed 7040K, reserved 1056768K
  class space    used 576K, capacity 616K, committed 640K, reserved 1048576K
Event: 1.468 GC heap after
Heap after GC invocations=2 (full 0):
 PSYoungGen      total 35328K, used 2559K [0x00000000eab00000, 0x00000000ed000000, 0x0000000100000000)
  eden space 32768K, 0% used [0x00000000eab00000,0x00000000eab00000,0x00000000ecb00000)
  from space 2560K, 99% used [0x00000000ecd80000,0x00000000ecfffc90,0x00000000ed000000)
  to   space 2560K, 0% used [0x00000000ecb00000,0x00000000ecb00000,0x00000000ecd80000)
 ParOldGen       total 44032K, used 4071K [0x00000000c0000000, 0x00000000c2b00000, 0x00000000eab00000)
  object space 44032K, 9% used [0x00000000c0000000,0x00000000c03f9fc8,0x00000000c2b00000)
 Metaspace       used 6021K, capacity 6960K, committed 7040K, reserved 1056768K
  class space    used 576K, capacity 616K, committed 640K, reserved 1048576K
}

Deoptimization events (10 events):
Event: 1.036 Thread 0x00000000164b4800 Uncommon trap: reason=class_check action=maybe_recompile pc=0x0000000002796630 method=com.android.dx.ssa.NormalSsaInsn.accept(Lcom/android/dx/ssa/SsaInsn$Visitor;)V @ 9
Event: 1.053 Thread 0x00000000164b4800 Uncommon trap: reason=unstable_if action=reinterpret pc=0x000000000286e05c method=com.android.dx.rop.cst.Constant.compareTo(Lcom/android/dx/rop/cst/Constant;)I @ 12
Event: 1.127 Thread 0x0000000016558000 Uncommon trap: reason=class_check action=maybe_recompile pc=0x000000000279bd14 method=com.android.dx.ssa.NormalSsaInsn.accept(Lcom/android/dx/ssa/SsaInsn$Visitor;)V @ 9
Event: 1.504 Thread 0x00000000164b4800 Uncommon trap: reason=bimorphic action=maybe_recompile pc=0x0000000002a5b5c8 method=com.android.dx.cf.code.BytecodeArray.parseInstruction(ILcom/android/dx/cf/code/BytecodeArray$Visitor;)I @ 1130
Event: 1.504 Thread 0x00000000164b4800 Uncommon trap: reason=bimorphic action=maybe_recompile pc=0x0000000002a5b000 method=com.android.dx.cf.code.BytecodeArray.parseInstruction(ILcom/android/dx/cf/code/BytecodeArray$Visitor;)I @ 907
Event: 1.504 Thread 0x00000000164b4800 Uncommon trap: reason=bimorphic action=maybe_recompile pc=0x0000000002a5b3bc method=com.android.dx.cf.code.BytecodeArray.parseInstruction(ILcom/android/dx/cf/code/BytecodeArray$Visitor;)I @ 1035
Event: 1.504 Thread 0x00000000164b4800 Uncommon trap: reason=bimorphic action=maybe_recompile pc=0x0000000002a5b080 method=com.android.dx.cf.code.BytecodeArray.parseInstruction(ILcom/android/dx/cf/code/BytecodeArray$Visitor;)I @ 923
Event: 1.504 Thread 0x00000000164b4800 Uncommon trap: reason=bimorphic action=maybe_recompile pc=0x0000000002a5b754 method=com.android.dx.cf.code.BytecodeArray.parseInstruction(ILcom/android/dx/cf/code/BytecodeArray$Visitor;)I @ 1224
Event: 1.504 Thread 0x00000000164b4800 Uncommon trap: reason=bimorphic action=maybe_recompile pc=0x0000000002a5b100 method=com.android.dx.cf.code.BytecodeArray.parseInstruction(ILcom/android/dx/cf/code/BytecodeArray$Visitor;)I @ 939
Event: 1.504 Thread 0x00000000164b4800 Uncommon trap: reason=bimorphic action=maybe_recompile pc=0x0000000002a5b754 method=com.android.dx.cf.code.BytecodeArray.parseInstruction(ILcom/android/dx/cf/code/BytecodeArray$Visitor;)I @ 1224

Internal exceptions (2 events):
Event: 0.055 Thread 0x0000000002430800 Exception <a 'java/lang/NoSuchMethodError': Method sun.misc.Unsafe.defineClass(Ljava/lang/String;[BII)Ljava/lang/Class; name or signature does not match> (0x00000000eab07c78) thrown at [C:\src\android\AOSP-openjdk\external\jetbrains\jdk\hotspot\src\share\v´´ˆ	=Z¬?
Event: 0.055 Thread 0x0000000002430800 Exception <a 'java/lang/NoSuchMethodError': Method sun.misc.Unsafe.prefetchRead(Ljava/lang/Object;J)V name or signature does not match> (0x00000000eab07f60) thrown at [C:\src\android\AOSP-openjdk\external\jetbrains\jdk\hotspot\src\share\vm\prims\jni.cpp, l

Events (10 events):
Event: 1.504 Thread 0x00000000164b4800 DEOPT UNPACKING pc=0x000000000257556a sp=0x00000000171ee438 mode 2
Event: 1.504 Thread 0x00000000164b4800 Uncommon trap: trap_request=0xffffffc6 fr.pc=0x0000000002a5b754
Event: 1.504 Thread 0x00000000164b4800 DEOPT PACKING pc=0x0000000002a5b754 sp=0x00000000171ee4b0
Event: 1.504 Thread 0x00000000164b4800 DEOPT UNPACKING pc=0x000000000257556a sp=0x00000000171ee438 mode 2
Event: 1.504 Thread 0x00000000164b4800 Uncommon trap: trap_request=0xffffffc6 fr.pc=0x0000000002a5b100
Event: 1.504 Thread 0x00000000164b4800 DEOPT PACKING pc=0x0000000002a5b100 sp=0x00000000171ee4b0
Event: 1.504 Thread 0x00000000164b4800 DEOPT UNPACKING pc=0x000000000257556a sp=0x00000000171ee438 mode 2
Event: 1.504 Thread 0x00000000164b4800 Uncommon trap: trap_request=0xffffffc6 fr.pc=0x0000000002a5b754
Event: 1.504 Thread 0x00000000164b4800 DEOPT PACKING pc=0x0000000002a5b754 sp=0x00000000171ee4b0
Event: 1.504 Thread 0x00000000164b4800 DEOPT UNPACKING pc=0x000000000257556a sp=0x00000000171ee438 mode 2


Dynamic libraries:
0x00007ff701920000 - 0x00007ff701951000 	C:\android\android studio\jre\bin\java.exe
0x00007ffdb5140000 - 0x00007ffdb52e9000 	C:\Windows\SYSTEM32\ntdll.dll
0x00007ffdb4830000 - 0x00007ffdb4969000 	C:\Windows\system32\KERNEL32.DLL
0x00007ffdb2270000 - 0x00007ffdb237e000 	C:\Windows\system32\KERNELBASE.dll
0x00007ffdb26e0000 - 0x00007ffdb2785000 	C:\Windows\system32\ADVAPI32.dll
0x00007ffdb2990000 - 0x00007ffdb2b01000 	C:\Windows\system32\USER32.dll
0x00007ffdb02d0000 - 0x00007ffdb052a000 	C:\Windows\WinSxS\amd64_microsoft.windows.common-controls_6595b64144ccf1df_6.0.9600.16384_none_62475f7becb72503\COMCTL32.dll
0x00007ffdb45d0000 - 0x00007ffdb4677000 	C:\Windows\system32\msvcrt.dll
0x00007ffdb4410000 - 0x00007ffdb4467000 	C:\Windows\SYSTEM32\sechost.dll
0x00007ffdb40e0000 - 0x00007ffdb4216000 	C:\Windows\system32\RPCRT4.dll
0x00007ffdb4480000 - 0x00007ffdb45c5000 	C:\Windows\system32\GDI32.dll
0x00007ffdb4680000 - 0x00007ffdb46b4000 	C:\Windows\system32\IMM32.DLL
0x00007ffdb2b10000 - 0x00007ffdb2c49000 	C:\Windows\system32\MSCTF.dll
0x0000000051440000 - 0x0000000051512000 	C:\android\android studio\jre\jre\bin\msvcr100.dll
0x0000000051600000 - 0x0000000051e3c000 	C:\android\android studio\jre\jre\bin\server\jvm.dll
0x00007ffdaa5a0000 - 0x00007ffdaa5a9000 	C:\Windows\SYSTEM32\WSOCK32.dll
0x00007ffdb23d0000 - 0x00007ffdb23ef000 	C:\Windows\system32\WINMM.dll
0x00007ffdaa0a0000 - 0x00007ffdaa0aa000 	C:\Windows\SYSTEM32\VERSION.dll
0x00007ffdb4720000 - 0x00007ffdb4727000 	C:\Windows\system32\PSAPI.DLL
0x00007ffdb4080000 - 0x00007ffdb40d8000 	C:\Windows\system32\WS2_32.dll
0x00007ffdb21f0000 - 0x00007ffdb221a000 	C:\Windows\system32\WINMMBASE.dll
0x00007ffdb2880000 - 0x00007ffdb2889000 	C:\Windows\system32\NSI.dll
0x00007ffdb24b0000 - 0x00007ffdb24fa000 	C:\Windows\SYSTEM32\cfgmgr32.dll
0x00007ffdb21a0000 - 0x00007ffdb21c6000 	C:\Windows\system32\DEVOBJ.dll
0x00007ffd9ce20000 - 0x00007ffd9ce2f000 	C:\android\android studio\jre\jre\bin\verify.dll
0x00007ffd9c340000 - 0x00007ffd9c369000 	C:\android\android studio\jre\jre\bin\java.dll
0x00007ffd9c320000 - 0x00007ffd9c336000 	C:\android\android studio\jre\jre\bin\zip.dll
0x00007ffdb2c70000 - 0x00007ffdb407e000 	C:\Windows\system32\SHELL32.dll
0x00007ffdb4220000 - 0x00007ffdb43f7000 	C:\Windows\SYSTEM32\combase.dll
0x00007ffdb46c0000 - 0x00007ffdb4711000 	C:\Windows\system32\SHLWAPI.dll
0x00007ffdb09e0000 - 0x00007ffdb0a81000 	C:\Windows\SYSTEM32\SHCORE.dll
0x00007ffdb20f0000 - 0x00007ffdb2104000 	C:\Windows\SYSTEM32\profapi.dll

VM Arguments:
jvm_args: -Djava.awt.headless=true -Xmx1024M -Dfile.encoding=GBK -Duser.country=CN -Duser.language=zh -Duser.variant 
java_command: com.android.dx.command.Main --dex --num-threads=4 --output C:\android\code\NewLive\app\build\intermediates\pre-dexed\debug\ShareSDK-Core-3.0.0_0197b1d30b74ae05de4c239453671110d8fed858.jar C:\android\code\NewLive\app\libs\ShareSDK-Core-3.0.0.jar
java_class_path (initial): C:\android\sdk\build-tools\25.0.0\lib\dx.jar
Launcher Type: SUN_STANDARD

Environment Variables:
CLASSPATH=\Program Files (x86)\Java\jdk1.8.0_66\lib\tools.jar
PATH=C:\Program Files (x86)\Intel\iCLS Client\;C:\Program Files\Intel\iCLS Client\;C:\Windows\system32;C:\Windows;C:\Windows\System32\Wbem;C:\Windows\System32\WindowsPowerShell\v1.0\;C:\Program Files\MySQL\MySQL Server 5.5\bin;C:\Program Files (x86)\Microsoft SQL Server\100\Tools\Binn\;C:\Program Files\Microsoft SQL Server\100\Tools\Binn\;C:\Program Files\Microsoft SQL Server\100\DTS\Binn\;C:\Program Files (x86)\Microsoft SQL Server\100\Tools\Binn\VSShell\Common7\IDE\;C:\Program Files (x86)\Microsoft Visual Studio 9.0\Common7\IDE\PrivateAssemblies\;C:\Program Files (x86)\Microsoft SQL Server\100\DTS\Binn\;C:\android\sdk\platform-tools;C:\Program Files\Git\cmd;C:\Program Files (x86)\Java\jdk1.8.0_66\bin
USERNAME=xiaoyao
OS=Windows_NT
PROCESSOR_IDENTIFIER=Intel64 Family 6 Model 61 Stepping 4, GenuineIntel



---------------  S Y S T E M  ---------------

OS: Windows 8.1 , 64 bit Build 9600 (6.3.9600.16656)

CPU:total 4 (2 cores per cpu, 2 threads per core) family 6 model 61 stepping 4, cmov, cx8, fxsr, mmx, sse, sse2, sse3, ssse3, sse4.1, sse4.2, popcnt, avx, avx2, aes, clmul, erms, 3dnowpref, lzcnt, ht, tsc, tscinvbit, bmi1, bmi2, adx

Memory: 4k page, physical 4094376k(430348k free), swap 5957916k(5584k free)

vm_info: OpenJDK 64-Bit Server VM (25.112-b06) for windows-amd64 JRE (1.8.0_112-release-b06), built on Dec  8 2016 00:54:26 by "builder" with MS VC++ 10.0 (VS2010)

time: Wed Nov 01 23:33:07 2017
elapsed time: 1 seconds (0d 0h 0m 1s)

