#
# There is insufficient memory for the Java Runtime Environment to continue.
# Native memory allocation (malloc) failed to allocate 117696 bytes for Chunk::new
# Possible reasons:
#   The system is out of physical RAM or swap space
#   In 32 bit mode, the process size limit was hit
# Possible solutions:
#   Reduce memory load on the system
#   Increase physical memory or swap space
#   Check if swap backing store is full
#   Use 64 bit Java on a 64 bit OS
#   Decrease Java heap size (-Xmx/-Xms)
#   Decrease number of Java threads
#   Decrease Java thread stack sizes (-Xss)
#   Set larger code cache with -XX:ReservedCodeCacheSize=
# This output file may be truncated or incomplete.
#
#  Out of Memory Error (allocation.cpp:390), pid=6932, tid=0x00000000000002f4
#
# JRE version: OpenJDK Runtime Environment (8.0_112-b06) (build 1.8.0_112-release-b06)
# Java VM: OpenJDK 64-Bit Server VM (25.112-b06 mixed mode windows-amd64 compressed oops)
# Failed to write core dump. Minidumps are not enabled by default on client versions of Windows
#

---------------  T H R E A D  ---------------

Current thread (0x0000000016d35800):  JavaThread "C2 CompilerThread1" daemon [_thread_in_native, id=756, stack(0x00000000173e0000,0x00000000174e0000)]

Stack: [0x00000000173e0000,0x00000000174e0000]
[error occurred during error reporting (printing stack bounds), id 0xc0000005]

Native frames: (J=compiled Java code, j=interpreted, Vv=VM code, C=native code)


Current CompileTask:
C2:   1266  614       4       java.util.HashMap::get (23 bytes)


---------------  P R O C E S S  ---------------

Java Threads: ( => current thread )
  0x0000000016f48800 JavaThread "pool-1-thread-4" [_thread_in_Java, id=3972, stack(0x0000000017be0000,0x0000000017ce0000)]
  0x0000000016f47800 JavaThread "pool-1-thread-3" [_thread_in_Java, id=4236, stack(0x0000000017ae0000,0x0000000017be0000)]
  0x0000000016f3f000 JavaThread "pool-1-thread-2" [_thread_in_Java, id=5540, stack(0x00000000179e0000,0x0000000017ae0000)]
  0x0000000016ece800 JavaThread "pool-2-thread-1" [_thread_blocked, id=3252, stack(0x00000000178e0000,0x00000000179e0000)]
  0x0000000016ecc000 JavaThread "pool-1-thread-1" [_thread_in_Java, id=6300, stack(0x00000000177e0000,0x00000000178e0000)]
  0x0000000016d41000 JavaThread "Service Thread" daemon [_thread_blocked, id=3144, stack(0x00000000175e0000,0x00000000176e0000)]
  0x0000000016d3c000 JavaThread "C1 CompilerThread2" daemon [_thread_in_native, id=1088, stack(0x00000000174e0000,0x00000000175e0000)]
=>0x0000000016d35800 JavaThread "C2 CompilerThread1" daemon [_thread_in_native, id=756, stack(0x00000000173e0000,0x00000000174e0000)]
  0x00000000155fe800 JavaThread "C2 CompilerThread0" daemon [_thread_blocked, id=6156, stack(0x00000000172e0000,0x00000000173e0000)]
  0x00000000155e7800 JavaThread "Attach Listener" daemon [_thread_blocked, id=6324, stack(0x00000000171e0000,0x00000000172e0000)]
  0x0000000016ce8800 JavaThread "Signal Dispatcher" daemon [_thread_blocked, id=4148, stack(0x00000000170e0000,0x00000000171e0000)]
  0x00000000155d8800 JavaThread "Finalizer" daemon [_thread_blocked, id=6676, stack(0x0000000016840000,0x0000000016940000)]
  0x0000000002f0f000 JavaThread "Reference Handler" daemon [_thread_blocked, id=6092, stack(0x0000000016740000,0x0000000016840000)]
  0x0000000002e20800 JavaThread "main" [_thread_in_Java, id=3232, stack(0x0000000002c40000,0x0000000002d40000)]

Other Threads:
  0x00000000155b4800 VMThread [stack: 0x0000000016640000,0x0000000016740000] [id=6908]
  0x0000000016d41800 WatcherThread [stack: 0x00000000176e0000,0x00000000177e0000] [id=4828]

VM state:not at safepoint (normal execution)

VM Mutex/Monitor currently owned by a thread: None

Heap:
 PSYoungGen      total 18944K, used 12492K [0x00000000eab00000, 0x00000000ec000000, 0x0000000100000000)
  eden space 16384K, 76% used [0x00000000eab00000,0x00000000eb733018,0x00000000ebb00000)
  from space 2560K, 0% used [0x00000000ebd80000,0x00000000ebd80000,0x00000000ec000000)
  to   space 2560K, 0% used [0x00000000ebb00000,0x00000000ebb00000,0x00000000ebd80000)
 ParOldGen       total 44032K, used 0K [0x00000000c0000000, 0x00000000c2b00000, 0x00000000eab00000)
  object space 44032K, 0% used [0x00000000c0000000,0x00000000c0000000,0x00000000c2b00000)
 Metaspace       used 5530K, capacity 6512K, committed 6784K, reserved 1056768K
  class space    used 571K, capacity 616K, committed 640K, reserved 1048576K

Card table byte_map: [0x00000000122e0000,0x00000000124f0000] byte_map_base: 0x0000000011ce0000

Marking Bits: (ParMarkBitMap*) 0x0000000051dc18f0
 Begin Bits: [0x0000000012a50000, 0x0000000013a50000)
 End Bits:   [0x0000000013a50000, 0x0000000014a50000)

Polling page: 0x0000000001140000

CodeCache: size=245760Kb used=2350Kb max_used=2362Kb free=243409Kb
 bounds [0x0000000002f20000, 0x0000000003190000, 0x0000000011f20000]
 total_blobs=861 nmethods=591 adapters=184
 compilation: enabled

Compilation events (10 events):
Event: 1.252 Thread 0x0000000016d35800  608       4       com.android.dx.util.IntList::growIfNeeded (46 bytes)
Event: 1.254 Thread 0x0000000016d35800 nmethod 608 0x000000000316cb90 code [0x000000000316cce0, 0x000000000316ced8]
Event: 1.255 Thread 0x00000000155fe800 nmethod 606 0x000000000316c590 code [0x000000000316c6e0, 0x000000000316c9b8]
Event: 1.258 Thread 0x0000000016d35800  612       4       java.util.BitSet::set (58 bytes)
Event: 1.260 Thread 0x00000000155fe800  613       4       java.util.BitSet::get (69 bytes)
Event: 1.261 Thread 0x0000000016d35800 nmethod 612 0x000000000316c150 code [0x000000000316c2a0, 0x000000000316c428]
Event: 1.261 Thread 0x0000000016d35800  614       4       java.util.HashMap::get (23 bytes)
Event: 1.261 Thread 0x00000000155fe800 nmethod 613 0x000000000316be90 code [0x000000000316bfc0, 0x000000000316c098]
Event: 1.262 Thread 0x00000000155fe800  616       4       com.android.dx.ssa.NormalSsaInsn::accept (25 bytes)
Event: 1.264 Thread 0x00000000155fe800 nmethod 616 0x000000000316ba90 code [0x000000000316bbe0, 0x000000000316bce8]

GC Heap History (0 events):
No events

Deoptimization events (2 events):
Event: 1.251 Thread 0x0000000016f3f000 Uncommon trap: reason=unstable_if action=reinterpret pc=0x00000000031464b8 method=java.util.HashMap.getNode(ILjava/lang/Object;)Ljava/util/HashMap$Node; @ 62
Event: 1.258 Thread 0x0000000016f3f000 Uncommon trap: reason=unstable_if action=reinterpret pc=0x000000000315d330 method=java.util.BitSet.nextSetBit(I)I @ 87

Internal exceptions (2 events):
Event: 0.058 Thread 0x0000000002e20800 Exception <a 'java/lang/NoSuchMethodError': Method sun.misc.Unsafe.defineClass(Ljava/lang/String;[BII)Ljava/lang/Class; name or signature does not match> (0x00000000eab07c78) thrown at [C:\src\android\AOSP-openjdk\external\jetbrains\jdk\hotspot\src\share\vé”‰½­?
Event: 0.058 Thread 0x0000000002e20800 Exception <a 'java/lang/NoSuchMethodError': Method sun.misc.Unsafe.prefetchRead(Ljava/lang/Object;J)V name or signature does not match> (0x00000000eab07f60) thrown at [C:\src\android\AOSP-openjdk\external\jetbrains\jdk\hotspot\src\share\vm\prims\jni.cpp, l

Events (10 events):
Event: 1.185 loading class com/android/dx/ssa/PhiInsn$Operand
Event: 1.185 loading class com/android/dx/ssa/PhiInsn$Operand done
Event: 1.189 loading class com/android/dx/cf/code/SwitchList
Event: 1.189 loading class com/android/dx/cf/code/SwitchList done
Event: 1.251 Thread 0x0000000016f3f000 Uncommon trap: trap_request=0xffffff65 fr.pc=0x00000000031464b8
Event: 1.251 Thread 0x0000000016f3f000 DEOPT PACKING pc=0x00000000031464b8 sp=0x0000000017ade6d0
Event: 1.251 Thread 0x0000000016f3f000 DEOPT UNPACKING pc=0x0000000002f6556a sp=0x0000000017ade648 mode 2
Event: 1.258 Thread 0x0000000016f3f000 Uncommon trap: trap_request=0xffffff65 fr.pc=0x000000000315d330
Event: 1.258 Thread 0x0000000016f3f000 DEOPT PACKING pc=0x000000000315d330 sp=0x0000000017adea30
Event: 1.258 Thread 0x0000000016f3f000 DEOPT UNPACKING pc=0x0000000002f6556a sp=0x0000000017ade9c8 mode 2


Dynamic libraries:
0x00007ff701920000 - 0x00007ff701951000 	C:\android\android studio\jre\bin\java.exe
0x00007ffdb5140000 - 0x00007ffdb52e9000 	C:\Windows\SYSTEM32\ntdll.dll
0x00007ffdb4830000 - 0x00007ffdb4969000 	C:\Windows\system32\KERNEL32.DLL
0x00007ffdb2270000 - 0x00007ffdb237e000 	C:\Windows\system32\KERNELBASE.dll
0x00007ffdb26e0000 - 0x00007ffdb2785000 	C:\Windows\system32\ADVAPI32.dll
0x00007ffdb2990000 - 0x00007ffdb2b01000 	C:\Windows\system32\USER32.dll
0x00007ffdb02d0000 - 0x00007ffdb052a000 	C:\Windows\WinSxS\amd64_microsoft.windows.common-controls_6595b64144ccf1df_6.0.9600.16384_none_62475f7becb72503\COMCTL32.dll
0x00007ffdb45d0000 - 0x00007ffdb4677000 	C:\Windows\system32\msvcrt.dll
0x00007ffdb4410000 - 0x00007ffdb4467000 	C:\Windows\SYSTEM32\sechost.dll
0x00007ffdb40e0000 - 0x00007ffdb4216000 	C:\Windows\system32\RPCRT4.dll
0x00007ffdb4480000 - 0x00007ffdb45c5000 	C:\Windows\system32\GDI32.dll
0x00007ffdb4680000 - 0x00007ffdb46b4000 	C:\Windows\system32\IMM32.DLL
0x00007ffdb2b10000 - 0x00007ffdb2c49000 	C:\Windows\system32\MSCTF.dll
0x0000000051440000 - 0x0000000051512000 	C:\android\android studio\jre\jre\bin\msvcr100.dll
0x0000000051600000 - 0x0000000051e3c000 	C:\android\android studio\jre\jre\bin\server\jvm.dll
0x00007ffdaa5a0000 - 0x00007ffdaa5a9000 	C:\Windows\SYSTEM32\WSOCK32.dll
0x00007ffdb23d0000 - 0x00007ffdb23ef000 	C:\Windows\system32\WINMM.dll
0x00007ffdaa0a0000 - 0x00007ffdaa0aa000 	C:\Windows\SYSTEM32\VERSION.dll
0x00007ffdb4720000 - 0x00007ffdb4727000 	C:\Windows\system32\PSAPI.DLL
0x00007ffdb4080000 - 0x00007ffdb40d8000 	C:\Windows\system32\WS2_32.dll
0x00007ffdb21f0000 - 0x00007ffdb221a000 	C:\Windows\system32\WINMMBASE.dll
0x00007ffdb2880000 - 0x00007ffdb2889000 	C:\Windows\system32\NSI.dll
0x00007ffdb24b0000 - 0x00007ffdb24fa000 	C:\Windows\SYSTEM32\cfgmgr32.dll
0x00007ffdb21a0000 - 0x00007ffdb21c6000 	C:\Windows\system32\DEVOBJ.dll
0x00007ffd9ce20000 - 0x00007ffd9ce2f000 	C:\android\android studio\jre\jre\bin\verify.dll
0x00007ffd9c340000 - 0x00007ffd9c369000 	C:\android\android studio\jre\jre\bin\java.dll
0x00007ffd9c320000 - 0x00007ffd9c336000 	C:\android\android studio\jre\jre\bin\zip.dll
0x00007ffdb2c70000 - 0x00007ffdb407e000 	C:\Windows\system32\SHELL32.dll
0x00007ffdb4220000 - 0x00007ffdb43f7000 	C:\Windows\SYSTEM32\combase.dll
0x00007ffdb46c0000 - 0x00007ffdb4711000 	C:\Windows\system32\SHLWAPI.dll
0x00007ffdb09e0000 - 0x00007ffdb0a81000 	C:\Windows\SYSTEM32\SHCORE.dll
0x00007ffdb20f0000 - 0x00007ffdb2104000 	C:\Windows\SYSTEM32\profapi.dll

VM Arguments:
jvm_args: -Djava.awt.headless=true -Xmx1024M -Dfile.encoding=GBK -Duser.country=CN -Duser.language=zh -Duser.variant 
java_command: com.android.dx.command.Main --dex --num-threads=4 --output C:\android\code\NewLive\app\build\intermediates\pre-dexed\debug\ShareSDK-Core-3.0.0_0197b1d30b74ae05de4c239453671110d8fed858.jar C:\android\code\NewLive\app\libs\ShareSDK-Core-3.0.0.jar
java_class_path (initial): C:\android\sdk\build-tools\25.0.0\lib\dx.jar
Launcher Type: SUN_STANDARD

Environment Variables:
CLASSPATH=\Program Files (x86)\Java\jdk1.8.0_66\lib\tools.jar
PATH=C:\Program Files (x86)\Intel\iCLS Client\;C:\Program Files\Intel\iCLS Client\;C:\Windows\system32;C:\Windows;C:\Windows\System32\Wbem;C:\Windows\System32\WindowsPowerShell\v1.0\;C:\Program Files\MySQL\MySQL Server 5.5\bin;C:\Program Files (x86)\Microsoft SQL Server\100\Tools\Binn\;C:\Program Files\Microsoft SQL Server\100\Tools\Binn\;C:\Program Files\Microsoft SQL Server\100\DTS\Binn\;C:\Program Files (x86)\Microsoft SQL Server\100\Tools\Binn\VSShell\Common7\IDE\;C:\Program Files (x86)\Microsoft Visual Studio 9.0\Common7\IDE\PrivateAssemblies\;C:\Program Files (x86)\Microsoft SQL Server\100\DTS\Binn\;C:\android\sdk\platform-tools;C:\Program Files\Git\cmd;C:\Program Files (x86)\Java\jdk1.8.0_66\bin
USERNAME=xiaoyao
OS=Windows_NT
PROCESSOR_IDENTIFIER=Intel64 Family 6 Model 61 Stepping 4, GenuineIntel



---------------  S Y S T E M  ---------------

OS: Windows 8.1 , 64 bit Build 9600 (6.3.9600.16656)

CPU:total 4 (2 cores per cpu, 2 threads per core) family 6 model 61 stepping 4, cmov, cx8, fxsr, mmx, sse, sse2, sse3, ssse3, sse4.1, sse4.2, popcnt, avx, avx2, aes, clmul, erms, 3dnowpref, lzcnt, ht, tsc, tscinvbit, bmi1, bmi2, adx

Memory: 4k page, physical 4094376k(471044k free), swap 5957916k(5132k free)

vm_info: OpenJDK 64-Bit Server VM (25.112-b06) for windows-amd64 JRE (1.8.0_112-release-b06), built on Dec  8 2016 00:54:26 by "builder" with MS VC++ 10.0 (VS2010)

time: Wed Nov 01 23:32:16 2017
elapsed time: 1 seconds (0d 0h 0m 1s)

