#
# There is insufficient memory for the Java Runtime Environment to continue.
# Native memory allocation (malloc) failed to allocate 10744 bytes for AllocateHeap
# Possible reasons:
#   The system is out of physical RAM or swap space
#   In 32 bit mode, the process size limit was hit
# Possible solutions:
#   Reduce memory load on the system
#   Increase physical memory or swap space
#   Check if swap backing store is full
#   Use 64 bit Java on a 64 bit OS
#   Decrease Java heap size (-Xmx/-Xms)
#   Decrease number of Java threads
#   Decrease Java thread stack sizes (-Xss)
#   Set larger code cache with -XX:ReservedCodeCacheSize=
# This output file may be truncated or incomplete.
#
#  Out of Memory Error (memory/allocation.inline.hpp:61), pid=2068, tid=0x0000000000000d68
#
# JRE version: OpenJDK Runtime Environment (8.0_112-b06) (build 1.8.0_112-release-b06)
# Java VM: OpenJDK 64-Bit Server VM (25.112-b06 mixed mode windows-amd64 compressed oops)
# Failed to write core dump. Minidumps are not enabled by default on client versions of Windows
#

---------------  T H R E A D  ---------------

Current thread (0x0000000016a25800):  JavaThread "C1 CompilerThread2" daemon [_thread_in_vm, id=3432, stack(0x00000000171d0000,0x00000000172d0000)]

Stack: [0x00000000171d0000,0x00000000172d0000]
[error occurred during error reporting (printing stack bounds), id 0xc0000005]

Native frames: (J=compiled Java code, j=interpreted, Vv=VM code, C=native code)


Current CompileTask:
C1:   1332 1069       3       com.android.dx.ssa.Dominators::run (506 bytes)


---------------  P R O C E S S  ---------------

Java Threads: ( => current thread )
  0x0000000016d37800 JavaThread "pool-1-thread-4" [_thread_blocked, id=6824, stack(0x00000000178d0000,0x00000000179d0000)]
  0x0000000016d36000 JavaThread "pool-1-thread-3" [_thread_in_native_trans, id=2664, stack(0x00000000177d0000,0x00000000178d0000)]
  0x0000000016d2b800 JavaThread "pool-1-thread-2" [_thread_blocked, id=6432, stack(0x00000000176d0000,0x00000000177d0000)]
  0x0000000016d2a800 JavaThread "pool-2-thread-1" [_thread_blocked, id=5636, stack(0x00000000175d0000,0x00000000176d0000)]
  0x0000000016c94000 JavaThread "pool-1-thread-1" [_thread_blocked, id=5004, stack(0x00000000174d0000,0x00000000175d0000)]
  0x0000000016a33800 JavaThread "Service Thread" daemon [_thread_blocked, id=5192, stack(0x00000000172d0000,0x00000000173d0000)]
=>0x0000000016a25800 JavaThread "C1 CompilerThread2" daemon [_thread_in_vm, id=3432, stack(0x00000000171d0000,0x00000000172d0000)]
  0x0000000016a22000 JavaThread "C2 CompilerThread1" daemon [_thread_in_native, id=7084, stack(0x00000000170d0000,0x00000000171d0000)]
  0x00000000152da000 JavaThread "C2 CompilerThread0" daemon [_thread_blocked, id=4908, stack(0x0000000016fd0000,0x00000000170d0000)]
  0x00000000152c6000 JavaThread "Attach Listener" daemon [_thread_blocked, id=3632, stack(0x0000000016ed0000,0x0000000016fd0000)]
  0x00000000169d8800 JavaThread "Signal Dispatcher" daemon [_thread_blocked, id=5516, stack(0x0000000016dd0000,0x0000000016ed0000)]
  0x00000000152b8800 JavaThread "Finalizer" daemon [_thread_blocked, id=5820, stack(0x0000000016520000,0x0000000016620000)]
  0x0000000002bcf000 JavaThread "Reference Handler" daemon [_thread_blocked, id=6460, stack(0x0000000016420000,0x0000000016520000)]
  0x0000000002ae0800 JavaThread "main" [_thread_in_Java, id=1648, stack(0x00000000029e0000,0x0000000002ae0000)]

Other Threads:
  0x0000000015294800 VMThread [stack: 0x0000000016320000,0x0000000016420000] [id=5676]
  0x0000000016a36800 WatcherThread [stack: 0x00000000173d0000,0x00000000174d0000] [id=7096]

VM state:not at safepoint (normal execution)

VM Mutex/Monitor currently owned by a thread:  ([mutex/lock_event])
[0x0000000000fab620] CodeCache_lock - owner thread: 0x0000000016a25800
[0x0000000000facb00] Compile_lock - owner thread: 0x0000000016a25800
[0x0000000000fae500] MethodCompileQueue_lock - owner thread: 0x0000000016a25800

Heap:
 PSYoungGen      total 18944K, used 16058K [0x00000000eab00000, 0x00000000ec000000, 0x0000000100000000)
  eden space 16384K, 82% used [0x00000000eab00000,0x00000000eb82f3c0,0x00000000ebb00000)
  from space 2560K, 99% used [0x00000000ebb00000,0x00000000ebd7f578,0x00000000ebd80000)
  to   space 2560K, 0% used [0x00000000ebd80000,0x00000000ebd80000,0x00000000ec000000)
 ParOldGen       total 44032K, used 243K [0x00000000c0000000, 0x00000000c2b00000, 0x00000000eab00000)
  object space 44032K, 0% used [0x00000000c0000000,0x00000000c003cd68,0x00000000c2b00000)
 Metaspace       used 5784K, capacity 6832K, committed 7040K, reserved 1056768K
  class space    used 564K, capacity 616K, committed 640K, reserved 1048576K

Card table byte_map: [0x0000000011fa0000,0x00000000121b0000] byte_map_base: 0x00000000119a0000

Marking Bits: (ParMarkBitMap*) 0x0000000051dc18f0
 Begin Bits: [0x0000000012710000, 0x0000000013710000)
 End Bits:   [0x0000000013710000, 0x0000000014710000)

Polling page: 0x0000000000f90000

CodeCache: size=245760Kb used=4389Kb max_used=4389Kb free=241370Kb
 bounds [0x0000000002be0000, 0x0000000003040000, 0x0000000011be0000]
 total_blobs=1333 nmethods=1068 adapters=178
 compilation: enabled

Compilation events (10 events):
Event: 1.301 Thread 0x0000000016a25800 nmethod 1065 0x000000000301f350 code [0x000000000301f4c0, 0x000000000301f788]
Event: 1.302 Thread 0x00000000152da000 1066       4       com.android.dx.rop.cst.CstString::compareTo0 (15 bytes)
Event: 1.303 Thread 0x00000000152da000 nmethod 1066 0x00000000030249d0 code [0x0000000003024b20, 0x0000000003024cf8]
Event: 1.320 Thread 0x0000000016a25800 1067       3       java.util.HashMap::resize (359 bytes)
Event: 1.322 Thread 0x0000000016a25800 nmethod 1067 0x0000000003024e10 code [0x0000000003025060, 0x0000000003026288]
Event: 1.322 Thread 0x0000000016a22000 1068       4       java.util.HashMap::putVal (300 bytes)
Event: 1.323 Thread 0x0000000016a25800 1069       3       com.android.dx.ssa.Dominators::run (506 bytes)
Event: 1.323 Thread 0x00000000152da000 1070       4       java.util.ArrayList::grow (45 bytes)
Event: 1.326 Thread 0x00000000152da000 nmethod 1070 0x00000000030244d0 code [0x0000000003024620, 0x0000000003024878]
Event: 1.326 Thread 0x00000000152da000 1076       4       com.android.dx.ssa.SsaRenamer$BlockRenamer::addMapping (143 bytes)

GC Heap History (2 events):
Event: 0.774 GC heap before
{Heap before GC invocations=1 (full 0):
 PSYoungGen      total 18944K, used 16384K [0x00000000eab00000, 0x00000000ec000000, 0x0000000100000000)
  eden space 16384K, 100% used [0x00000000eab00000,0x00000000ebb00000,0x00000000ebb00000)
  from space 2560K, 0% used [0x00000000ebd80000,0x00000000ebd80000,0x00000000ec000000)
  to   space 2560K, 0% used [0x00000000ebb00000,0x00000000ebb00000,0x00000000ebd80000)
 ParOldGen       total 44032K, used 0K [0x00000000c0000000, 0x00000000c2b00000, 0x00000000eab00000)
  object space 44032K, 0% used [0x00000000c0000000,0x00000000c0000000,0x00000000c2b00000)
 Metaspace       used 4924K, capacity 6096K, committed 6272K, reserved 1056768K
  class space    used 524K, capacity 584K, committed 640K, reserved 1048576K
Event: 0.778 GC heap after
Heap after GC invocations=1 (full 0):
 PSYoungGen      total 18944K, used 2557K [0x00000000eab00000, 0x00000000ec000000, 0x0000000100000000)
  eden space 16384K, 0% used [0x00000000eab00000,0x00000000eab00000,0x00000000ebb00000)
  from space 2560K, 99% used [0x00000000ebb00000,0x00000000ebd7f578,0x00000000ebd80000)
  to   space 2560K, 0% used [0x00000000ebd80000,0x00000000ebd80000,0x00000000ec000000)
 ParOldGen       total 44032K, used 243K [0x00000000c0000000, 0x00000000c2b00000, 0x00000000eab00000)
  object space 44032K, 0% used [0x00000000c0000000,0x00000000c003cd68,0x00000000c2b00000)
 Metaspace       used 4924K, capacity 6096K, committed 6272K, reserved 1056768K
  class space    used 524K, capacity 584K, committed 640K, reserved 1048576K
}

Deoptimization events (8 events):
Event: 0.630 Thread 0x0000000016d36000 Uncommon trap: reason=unstable_if action=reinterpret pc=0x0000000002d4d8d4 method=java.lang.String.compareTo(Ljava/lang/String;)I @ 38
Event: 0.898 Thread 0x0000000016d2b800 Uncommon trap: reason=unstable_if action=reinterpret pc=0x0000000002e16ddc method=java.util.HashMap.getNode(ILjava/lang/Object;)Ljava/util/HashMap$Node; @ 129
Event: 1.064 Thread 0x0000000016d37800 Uncommon trap: reason=class_check action=maybe_recompile pc=0x0000000002eef6f0 method=com.android.dx.ssa.NormalSsaInsn.accept(Lcom/android/dx/ssa/SsaInsn$Visitor;)V @ 9
Event: 1.086 Thread 0x0000000016c94000 Uncommon trap: reason=null_check action=make_not_entrant pc=0x0000000002ef06d8 method=com.android.dx.ssa.SsaRenamer.getLocalForNewReg(I)Lcom/android/dx/rop/code/LocalItem; @ 19
Event: 1.119 Thread 0x0000000016c94000 Uncommon trap: reason=class_check action=maybe_recompile pc=0x0000000002e31530 method=com.android.dx.ssa.NormalSsaInsn.accept(Lcom/android/dx/ssa/SsaInsn$Visitor;)V @ 9
Event: 1.134 Thread 0x0000000016d36000 Uncommon trap: reason=null_check action=make_not_entrant pc=0x0000000002f16d28 method=com.android.dx.rop.type.Type.equals(Ljava/lang/Object;)Z @ 8
Event: 1.150 Thread 0x0000000016d2b800 Uncommon trap: reason=class_check action=maybe_recompile pc=0x0000000002e31530 method=com.android.dx.ssa.NormalSsaInsn.accept(Lcom/android/dx/ssa/SsaInsn$Visitor;)V @ 9
Event: 1.156 Thread 0x0000000016d2b800 Uncommon trap: reason=unstable_if action=reinterpret pc=0x0000000002ee95bc method=com.android.dx.rop.code.RegisterSpec.equals(ILcom/android/dx/rop/type/TypeBearer;Lcom/android/dx/rop/code/LocalItem;)Z @ 42

Internal exceptions (4 events):
Event: 0.055 Thread 0x0000000002ae0800 Exception <a 'java/lang/NoSuchMethodError': Method sun.misc.Unsafe.defineClass(Ljava/lang/String;[BII)Ljava/lang/Class; name or signature does not match> (0x00000000eab07c78) thrown at [C:\src\android\AOSP-openjdk\external\jetbrains\jdk\hotspot\src\share\v@b÷&M¬?
Event: 0.055 Thread 0x0000000002ae0800 Exception <a 'java/lang/NoSuchMethodError': Method sun.misc.Unsafe.prefetchRead(Ljava/lang/Object;J)V name or signature does not match> (0x00000000eab07f60) thrown at [C:\src\android\AOSP-openjdk\external\jetbrains\jdk\hotspot\src\share\vm\prims\jni.cpp, líÒnÀañ?
Event: 1.086 Thread 0x0000000016c94000 Implicit null exception at 0x0000000002eedbd4 to 0x0000000002ef0695
Event: 1.134 Thread 0x0000000016d36000 Implicit null exception at 0x0000000002f16c22 to 0x0000000002f16d1a

Events (10 events):
Event: 1.150 loading class java/util/TreeMap$EntrySet
Event: 1.150 loading class java/util/TreeMap$EntrySet done
Event: 1.150 loading class java/util/TreeMap$EntryIterator
Event: 1.150 loading class java/util/TreeMap$EntryIterator done
Event: 1.150 Thread 0x0000000016d2b800 Uncommon trap: trap_request=0xffffffde fr.pc=0x0000000002e31530
Event: 1.150 Thread 0x0000000016d2b800 DEOPT PACKING pc=0x0000000002e31530 sp=0x00000000177ce830
Event: 1.150 Thread 0x0000000016d2b800 DEOPT UNPACKING pc=0x0000000002c2556a sp=0x00000000177ce7d0 mode 2
Event: 1.156 Thread 0x0000000016d2b800 Uncommon trap: trap_request=0xffffff65 fr.pc=0x0000000002ee95bc
Event: 1.156 Thread 0x0000000016d2b800 DEOPT PACKING pc=0x0000000002ee95bc sp=0x00000000177ce880
Event: 1.156 Thread 0x0000000016d2b800 DEOPT UNPACKING pc=0x0000000002c2556a sp=0x00000000177ce808 mode 2


Dynamic libraries:
0x00007ff701920000 - 0x00007ff701951000 	C:\android\android studio\jre\bin\java.exe
0x00007ffdb5140000 - 0x00007ffdb52e9000 	C:\Windows\SYSTEM32\ntdll.dll
0x00007ffdb4830000 - 0x00007ffdb4969000 	C:\Windows\system32\KERNEL32.DLL
0x00007ffdb2270000 - 0x00007ffdb237e000 	C:\Windows\system32\KERNELBASE.dll
0x00007ffdb26e0000 - 0x00007ffdb2785000 	C:\Windows\system32\ADVAPI32.dll
0x00007ffdb2990000 - 0x00007ffdb2b01000 	C:\Windows\system32\USER32.dll
0x00007ffdb02d0000 - 0x00007ffdb052a000 	C:\Windows\WinSxS\amd64_microsoft.windows.common-controls_6595b64144ccf1df_6.0.9600.16384_none_62475f7becb72503\COMCTL32.dll
0x00007ffdb45d0000 - 0x00007ffdb4677000 	C:\Windows\system32\msvcrt.dll
0x00007ffdb4410000 - 0x00007ffdb4467000 	C:\Windows\SYSTEM32\sechost.dll
0x00007ffdb40e0000 - 0x00007ffdb4216000 	C:\Windows\system32\RPCRT4.dll
0x00007ffdb4480000 - 0x00007ffdb45c5000 	C:\Windows\system32\GDI32.dll
0x00007ffdb4680000 - 0x00007ffdb46b4000 	C:\Windows\system32\IMM32.DLL
0x00007ffdb2b10000 - 0x00007ffdb2c49000 	C:\Windows\system32\MSCTF.dll
0x0000000051440000 - 0x0000000051512000 	C:\android\android studio\jre\jre\bin\msvcr100.dll
0x0000000051600000 - 0x0000000051e3c000 	C:\android\android studio\jre\jre\bin\server\jvm.dll
0x00007ffdaa5a0000 - 0x00007ffdaa5a9000 	C:\Windows\SYSTEM32\WSOCK32.dll
0x00007ffdb23d0000 - 0x00007ffdb23ef000 	C:\Windows\system32\WINMM.dll
0x00007ffdaa0a0000 - 0x00007ffdaa0aa000 	C:\Windows\SYSTEM32\VERSION.dll
0x00007ffdb4720000 - 0x00007ffdb4727000 	C:\Windows\system32\PSAPI.DLL
0x00007ffdb4080000 - 0x00007ffdb40d8000 	C:\Windows\system32\WS2_32.dll
0x00007ffdb21f0000 - 0x00007ffdb221a000 	C:\Windows\system32\WINMMBASE.dll
0x00007ffdb2880000 - 0x00007ffdb2889000 	C:\Windows\system32\NSI.dll
0x00007ffdb24b0000 - 0x00007ffdb24fa000 	C:\Windows\SYSTEM32\cfgmgr32.dll
0x00007ffdb21a0000 - 0x00007ffdb21c6000 	C:\Windows\system32\DEVOBJ.dll
0x00007ffd9ce20000 - 0x00007ffd9ce2f000 	C:\android\android studio\jre\jre\bin\verify.dll
0x00007ffd9c340000 - 0x00007ffd9c369000 	C:\android\android studio\jre\jre\bin\java.dll
0x00007ffd9c320000 - 0x00007ffd9c336000 	C:\android\android studio\jre\jre\bin\zip.dll
0x00007ffdb2c70000 - 0x00007ffdb407e000 	C:\Windows\system32\SHELL32.dll
0x00007ffdb4220000 - 0x00007ffdb43f7000 	C:\Windows\SYSTEM32\combase.dll
0x00007ffdb46c0000 - 0x00007ffdb4711000 	C:\Windows\system32\SHLWAPI.dll
0x00007ffdb09e0000 - 0x00007ffdb0a81000 	C:\Windows\SYSTEM32\SHCORE.dll
0x00007ffdb20f0000 - 0x00007ffdb2104000 	C:\Windows\SYSTEM32\profapi.dll

VM Arguments:
jvm_args: -Djava.awt.headless=true -Xmx1024M -Dfile.encoding=GBK -Duser.country=CN -Duser.language=zh -Duser.variant 
java_command: com.android.dx.command.Main --dex --num-threads=4 --output C:\android\code\NewLive\app\build\intermediates\pre-dexed\debug\Rong_IMKit_2b9fc773d535238a1126e6a32ddd174dd1839f8d.jar C:\android\code\NewLive\IMKit\build\intermediates\bundles\default\libs\Rong_IMKit.jar
java_class_path (initial): C:\android\sdk\build-tools\25.0.0\lib\dx.jar
Launcher Type: SUN_STANDARD

Environment Variables:
CLASSPATH=\Program Files (x86)\Java\jdk1.8.0_66\lib\tools.jar
PATH=C:\Program Files (x86)\Intel\iCLS Client\;C:\Program Files\Intel\iCLS Client\;C:\Windows\system32;C:\Windows;C:\Windows\System32\Wbem;C:\Windows\System32\WindowsPowerShell\v1.0\;C:\Program Files\MySQL\MySQL Server 5.5\bin;C:\Program Files (x86)\Microsoft SQL Server\100\Tools\Binn\;C:\Program Files\Microsoft SQL Server\100\Tools\Binn\;C:\Program Files\Microsoft SQL Server\100\DTS\Binn\;C:\Program Files (x86)\Microsoft SQL Server\100\Tools\Binn\VSShell\Common7\IDE\;C:\Program Files (x86)\Microsoft Visual Studio 9.0\Common7\IDE\PrivateAssemblies\;C:\Program Files (x86)\Microsoft SQL Server\100\DTS\Binn\;C:\android\sdk\platform-tools;C:\Program Files\Git\cmd;C:\Program Files (x86)\Java\jdk1.8.0_66\bin
USERNAME=xiaoyao
OS=Windows_NT
PROCESSOR_IDENTIFIER=Intel64 Family 6 Model 61 Stepping 4, GenuineIntel



---------------  S Y S T E M  ---------------

OS: Windows 8.1 , 64 bit Build 9600 (6.3.9600.16656)

CPU:total 4 (2 cores per cpu, 2 threads per core) family 6 model 61 stepping 4, cmov, cx8, fxsr, mmx, sse, sse2, sse3, ssse3, sse4.1, sse4.2, popcnt, avx, avx2, aes, clmul, erms, 3dnowpref, lzcnt, ht, tsc, tscinvbit, bmi1, bmi2, adx

Memory: 4k page, physical 4094376k(470672k free), swap 5957916k(4120k free)

vm_info: OpenJDK 64-Bit Server VM (25.112-b06) for windows-amd64 JRE (1.8.0_112-release-b06), built on Dec  8 2016 00:54:26 by "builder" with MS VC++ 10.0 (VS2010)

time: Wed Nov 01 23:32:16 2017
elapsed time: 1 seconds (0d 0h 0m 1s)

