#
# There is insufficient memory for the Java Runtime Environment to continue.
# Native memory allocation (malloc) failed to allocate 209936 bytes for Chunk::new
# Possible reasons:
#   The system is out of physical RAM or swap space
#   In 32 bit mode, the process size limit was hit
# Possible solutions:
#   Reduce memory load on the system
#   Increase physical memory or swap space
#   Check if swap backing store is full
#   Use 64 bit Java on a 64 bit OS
#   Decrease Java heap size (-Xmx/-Xms)
#   Decrease number of Java threads
#   Decrease Java thread stack sizes (-Xss)
#   Set larger code cache with -XX:ReservedCodeCacheSize=
# This output file may be truncated or incomplete.
#
#  Out of Memory Error (allocation.cpp:390), pid=3720, tid=0x0000000000001978
#
# JRE version: OpenJDK Runtime Environment (8.0_112-b06) (build 1.8.0_112-release-b06)
# Java VM: OpenJDK 64-Bit Server VM (25.112-b06 mixed mode windows-amd64 compressed oops)
# Failed to write core dump. Minidumps are not enabled by default on client versions of Windows
#

---------------  T H R E A D  ---------------

Current thread (0x000000001479a000):  JavaThread "C2 CompilerThread0" daemon [_thread_in_native, id=6520, stack(0x0000000016490000,0x0000000016590000)]

Stack: [0x0000000016490000,0x0000000016590000]
[error occurred during error reporting (printing stack bounds), id 0xc0000005]

Native frames: (J=compiled Java code, j=interpreted, Vv=VM code, C=native code)


Current CompileTask:
C2:   2155 1184       4       com.android.dx.ssa.SsaBasicBlock::forEachInsn (37 bytes)


---------------  P R O C E S S  ---------------

Java Threads: ( => current thread )
  0x00000000160c3000 JavaThread "pool-1-thread-4" [_thread_in_Java, id=6092, stack(0x0000000016d90000,0x0000000016e90000)]
  0x0000000016081800 JavaThread "pool-1-thread-3" [_thread_in_Java, id=6160, stack(0x0000000016c90000,0x0000000016d90000)]
  0x0000000016081000 JavaThread "pool-1-thread-2" [_thread_blocked, id=6600, stack(0x0000000016b90000,0x0000000016c90000)]
  0x0000000016036800 JavaThread "pool-2-thread-1" [_thread_blocked, id=4184, stack(0x0000000016a90000,0x0000000016b90000)]
  0x0000000016030000 JavaThread "pool-1-thread-1" [_thread_in_Java, id=3012, stack(0x0000000016990000,0x0000000016a90000)]
  0x0000000015eee000 JavaThread "Service Thread" daemon [_thread_blocked, id=5804, stack(0x0000000016790000,0x0000000016890000)]
  0x0000000015ee8000 JavaThread "C1 CompilerThread2" daemon [_thread_in_vm, id=4036, stack(0x0000000016690000,0x0000000016790000)]
  0x0000000015ee2000 JavaThread "C2 CompilerThread1" daemon [_thread_in_native, id=6556, stack(0x0000000016590000,0x0000000016690000)]
=>0x000000001479a000 JavaThread "C2 CompilerThread0" daemon [_thread_in_native, id=6520, stack(0x0000000016490000,0x0000000016590000)]
  0x0000000014786000 JavaThread "Attach Listener" daemon [_thread_blocked, id=5800, stack(0x0000000016390000,0x0000000016490000)]
  0x0000000015e98800 JavaThread "Signal Dispatcher" daemon [_thread_blocked, id=5740, stack(0x0000000016290000,0x0000000016390000)]
  0x0000000014778800 JavaThread "Finalizer" daemon [_thread_blocked, id=1888, stack(0x00000000159e0000,0x0000000015ae0000)]
  0x000000000208f000 JavaThread "Reference Handler" daemon [_thread_blocked, id=6864, stack(0x00000000158e0000,0x00000000159e0000)]
  0x0000000001fa0800 JavaThread "main" [_thread_in_Java, id=4344, stack(0x0000000001ea0000,0x0000000001fa0000)]

Other Threads:
  0x0000000014754800 VMThread [stack: 0x00000000157e0000,0x00000000158e0000] [id=6508]
  0x0000000015ef1000 WatcherThread [stack: 0x0000000016890000,0x0000000016990000] [id=5820]

VM state:not at safepoint (normal execution)

VM Mutex/Monitor currently owned by a thread: None

Heap:
 PSYoungGen      total 18944K, used 16798K [0x00000000eab00000, 0x00000000ec000000, 0x0000000100000000)
  eden space 16384K, 87% used [0x00000000eab00000,0x00000000eb8ebf78,0x00000000ebb00000)
  from space 2560K, 99% used [0x00000000ebb00000,0x00000000ebd7bc70,0x00000000ebd80000)
  to   space 2560K, 0% used [0x00000000ebd80000,0x00000000ebd80000,0x00000000ec000000)
 ParOldGen       total 44032K, used 1943K [0x00000000c0000000, 0x00000000c2b00000, 0x00000000eab00000)
  object space 44032K, 4% used [0x00000000c0000000,0x00000000c01e5fb0,0x00000000c2b00000)
 Metaspace       used 5841K, capacity 6896K, committed 7040K, reserved 1056768K
  class space    used 567K, capacity 616K, committed 640K, reserved 1048576K

Card table byte_map: [0x0000000011460000,0x0000000011670000] byte_map_base: 0x0000000010e60000

Marking Bits: (ParMarkBitMap*) 0x0000000051dc18f0
 Begin Bits: [0x0000000011bd0000, 0x0000000012bd0000)
 End Bits:   [0x0000000012bd0000, 0x0000000013bd0000)

Polling page: 0x0000000001e60000

CodeCache: size=245760Kb used=4783Kb max_used=4783Kb free=240976Kb
 bounds [0x00000000020a0000, 0x0000000002550000, 0x00000000110a0000]
 total_blobs=1464 nmethods=1199 adapters=178
 compilation: disabled (not enough contiguous free space left)

Compilation events (10 events):
Event: 2.152 Thread 0x0000000015ee8000 nmethod 1198 0x000000000254ddd0 code [0x000000000254df40, 0x000000000254e1f0]
Event: 2.152 Thread 0x0000000015ee8000 1202       3       java.util.concurrent.locks.AbstractOwnableSynchronizer::setExclusiveOwnerThread (6 bytes)
Event: 2.152 Thread 0x0000000015ee8000 nmethod 1202 0x000000000254e250 code [0x000000000254e3a0, 0x000000000254e510]
Event: 2.152 Thread 0x0000000015ee8000 1191       3       com.android.dx.rop.cst.TypedConstant::getBasicFrameType (8 bytes)
Event: 2.152 Thread 0x0000000015ee8000 nmethod 1191 0x000000000254e590 code [0x000000000254e700, 0x000000000254e9d8]
Event: 2.152 Thread 0x0000000015ee8000 1187       3       com.android.dx.cf.iface.StdMember::getDescriptor (8 bytes)
Event: 2.152 Thread 0x0000000015ee8000 nmethod 1187 0x000000000254ead0 code [0x000000000254ec20, 0x000000000254ee10]
Event: 2.153 Thread 0x0000000015ee8000 1203       3       com.android.dx.cf.code.LineNumberList::<init> (6 bytes)
Event: 2.153 Thread 0x0000000015ee8000 nmethod 1203 0x000000000254eed0 code [0x000000000254f040, 0x000000000254f1c8]
Event: 2.153 Thread 0x0000000015ee8000 1204       3       com.android.dx.cf.code.BytecodeArray::<init> (43 bytes)

GC Heap History (2 events):
Event: 1.832 GC heap before
{Heap before GC invocations=1 (full 0):
 PSYoungGen      total 18944K, used 16384K [0x00000000eab00000, 0x00000000ec000000, 0x0000000100000000)
  eden space 16384K, 100% used [0x00000000eab00000,0x00000000ebb00000,0x00000000ebb00000)
  from space 2560K, 0% used [0x00000000ebd80000,0x00000000ebd80000,0x00000000ec000000)
  to   space 2560K, 0% used [0x00000000ebb00000,0x00000000ebb00000,0x00000000ebd80000)
 ParOldGen       total 44032K, used 0K [0x00000000c0000000, 0x00000000c2b00000, 0x00000000eab00000)
  object space 44032K, 0% used [0x00000000c0000000,0x00000000c0000000,0x00000000c2b00000)
 Metaspace       used 5629K, capacity 6768K, committed 7040K, reserved 1056768K
  class space    used 562K, capacity 616K, committed 640K, reserved 1048576K
Event: 1.850 GC heap after
Heap after GC invocations=1 (full 0):
 PSYoungGen      total 18944K, used 2543K [0x00000000eab00000, 0x00000000ec000000, 0x0000000100000000)
  eden space 16384K, 0% used [0x00000000eab00000,0x00000000eab00000,0x00000000ebb00000)
  from space 2560K, 99% used [0x00000000ebb00000,0x00000000ebd7bc70,0x00000000ebd80000)
  to   space 2560K, 0% used [0x00000000ebd80000,0x00000000ebd80000,0x00000000ec000000)
 ParOldGen       total 44032K, used 1943K [0x00000000c0000000, 0x00000000c2b00000, 0x00000000eab00000)
  object space 44032K, 4% used [0x00000000c0000000,0x00000000c01e5fb0,0x00000000c2b00000)
 Metaspace       used 5629K, capacity 6768K, committed 7040K, reserved 1056768K
  class space    used 562K, capacity 616K, committed 640K, reserved 1048576K
}

Deoptimization events (10 events):
Event: 1.609 Thread 0x0000000016081800 Uncommon trap: reason=unstable_if action=reinterpret pc=0x00000000022c7930 method=java.util.BitSet.nextSetBit(I)I @ 87
Event: 1.776 Thread 0x0000000001fa0800 Uncommon trap: reason=class_check action=maybe_recompile pc=0x0000000002321e14 method=com.android.dx.ssa.NormalSsaInsn.accept(Lcom/android/dx/ssa/SsaInsn$Visitor;)V @ 9
Event: 1.785 Thread 0x0000000001fa0800 Uncommon trap: reason=unstable_if action=reinterpret pc=0x000000000235c1ac method=com.android.dx.rop.code.RegisterSpecSet.put(Lcom/android/dx/rop/code/RegisterSpec;)V @ 77
Event: 1.785 Thread 0x0000000001fa0800 Uncommon trap: reason=unstable_if action=reinterpret pc=0x0000000002372a2c method=com.android.dx.rop.code.RegisterSpecSet.put(Lcom/android/dx/rop/code/RegisterSpec;)V @ 77
Event: 1.967 Thread 0x00000000160c3000 Uncommon trap: reason=class_check action=maybe_recompile pc=0x0000000002321e14 method=com.android.dx.ssa.NormalSsaInsn.accept(Lcom/android/dx/ssa/SsaInsn$Visitor;)V @ 9
Event: 1.978 Thread 0x0000000016081000 Uncommon trap: reason=class_check action=maybe_recompile pc=0x0000000002321e14 method=com.android.dx.ssa.NormalSsaInsn.accept(Lcom/android/dx/ssa/SsaInsn$Visitor;)V @ 9
Event: 2.029 Thread 0x00000000160c3000 Uncommon trap: reason=unstable_if action=reinterpret pc=0x00000000023653dc method=com.android.dx.rop.cst.Constant.compareTo(Lcom/android/dx/rop/cst/Constant;)I @ 12
Event: 2.035 Thread 0x0000000001fa0800 Uncommon trap: reason=class_check action=maybe_recompile pc=0x0000000002321e14 method=com.android.dx.ssa.NormalSsaInsn.accept(Lcom/android/dx/ssa/SsaInsn$Visitor;)V @ 9
Event: 2.045 Thread 0x0000000001fa0800 Uncommon trap: reason=unstable_if action=reinterpret pc=0x0000000002484f04 method=com.android.dx.cf.code.Ropper.labelToResultIndex(I)I @ 34
Event: 2.137 Thread 0x0000000001fa0800 Uncommon trap: reason=unstable_if action=reinterpret pc=0x000000000250a434 method=com.android.dx.util.LabeledList.set(ILcom/android/dx/util/LabeledItem;)V @ 16

Internal exceptions (2 events):
Event: 0.156 Thread 0x0000000001fa0800 Exception <a 'java/lang/NoSuchMethodError': Method sun.misc.Unsafe.defineClass(Ljava/lang/String;[BII)Ljava/lang/Class; name or signature does not match> (0x00000000eab07c78) thrown at [C:\src\android\AOSP-openjdk\external\jetbrains\jdk\hotspot\src\share\v¿ð
U|ðÃ?
Event: 0.156 Thread 0x0000000001fa0800 Exception <a 'java/lang/NoSuchMethodError': Method sun.misc.Unsafe.prefetchRead(Ljava/lang/Object;J)V name or signature does not match> (0x00000000eab07f60) thrown at [C:\src\android\AOSP-openjdk\external\jetbrains\jdk\hotspot\src\share\vm\prims\jni.cpp, l

Events (10 events):
Event: 2.045 loading class java/util/HashMap$ValueIterator
Event: 2.045 loading class java/util/HashMap$ValueIterator done
Event: 2.045 Thread 0x0000000001fa0800 Uncommon trap: trap_request=0xffffff65 fr.pc=0x0000000002484f04
Event: 2.045 Thread 0x0000000001fa0800 DEOPT PACKING pc=0x0000000002484f04 sp=0x0000000001f9e890
Event: 2.045 Thread 0x0000000001fa0800 DEOPT UNPACKING pc=0x00000000020e556a sp=0x0000000001f9e838 mode 2
Event: 2.137 Thread 0x0000000001fa0800 Uncommon trap: trap_request=0xffffff65 fr.pc=0x000000000250a434
Event: 2.137 Thread 0x0000000001fa0800 DEOPT PACKING pc=0x000000000250a434 sp=0x0000000001f9e640
Event: 2.137 Thread 0x0000000001fa0800 DEOPT UNPACKING pc=0x00000000020e556a sp=0x0000000001f9e608 mode 2
Event: 2.138 loading class com/android/dx/cf/attrib/AttExceptions
Event: 2.138 loading class com/android/dx/cf/attrib/AttExceptions done


Dynamic libraries:
0x00007ff701920000 - 0x00007ff701951000 	C:\android\android studio\jre\bin\java.exe
0x00007ffdb5140000 - 0x00007ffdb52e9000 	C:\Windows\SYSTEM32\ntdll.dll
0x00007ffdb4830000 - 0x00007ffdb4969000 	C:\Windows\system32\KERNEL32.DLL
0x00007ffdb2270000 - 0x00007ffdb237e000 	C:\Windows\system32\KERNELBASE.dll
0x00007ffdb26e0000 - 0x00007ffdb2785000 	C:\Windows\system32\ADVAPI32.dll
0x00007ffdb2990000 - 0x00007ffdb2b01000 	C:\Windows\system32\USER32.dll
0x00007ffdb02d0000 - 0x00007ffdb052a000 	C:\Windows\WinSxS\amd64_microsoft.windows.common-controls_6595b64144ccf1df_6.0.9600.16384_none_62475f7becb72503\COMCTL32.dll
0x00007ffdb45d0000 - 0x00007ffdb4677000 	C:\Windows\system32\msvcrt.dll
0x00007ffdb4410000 - 0x00007ffdb4467000 	C:\Windows\SYSTEM32\sechost.dll
0x00007ffdb40e0000 - 0x00007ffdb4216000 	C:\Windows\system32\RPCRT4.dll
0x00007ffdb4480000 - 0x00007ffdb45c5000 	C:\Windows\system32\GDI32.dll
0x00007ffdb4680000 - 0x00007ffdb46b4000 	C:\Windows\system32\IMM32.DLL
0x00007ffdb2b10000 - 0x00007ffdb2c49000 	C:\Windows\system32\MSCTF.dll
0x0000000051440000 - 0x0000000051512000 	C:\android\android studio\jre\jre\bin\msvcr100.dll
0x0000000051600000 - 0x0000000051e3c000 	C:\android\android studio\jre\jre\bin\server\jvm.dll
0x00007ffdaa5a0000 - 0x00007ffdaa5a9000 	C:\Windows\SYSTEM32\WSOCK32.dll
0x00007ffdb23d0000 - 0x00007ffdb23ef000 	C:\Windows\system32\WINMM.dll
0x00007ffdaa0a0000 - 0x00007ffdaa0aa000 	C:\Windows\SYSTEM32\VERSION.dll
0x00007ffdb4720000 - 0x00007ffdb4727000 	C:\Windows\system32\PSAPI.DLL
0x00007ffdb4080000 - 0x00007ffdb40d8000 	C:\Windows\system32\WS2_32.dll
0x00007ffdb21f0000 - 0x00007ffdb221a000 	C:\Windows\system32\WINMMBASE.dll
0x00007ffdb2880000 - 0x00007ffdb2889000 	C:\Windows\system32\NSI.dll
0x00007ffdb24b0000 - 0x00007ffdb24fa000 	C:\Windows\SYSTEM32\cfgmgr32.dll
0x00007ffdb21a0000 - 0x00007ffdb21c6000 	C:\Windows\system32\DEVOBJ.dll
0x00007ffd9ce20000 - 0x00007ffd9ce2f000 	C:\android\android studio\jre\jre\bin\verify.dll
0x00007ffd9c340000 - 0x00007ffd9c369000 	C:\android\android studio\jre\jre\bin\java.dll
0x00007ffd9c320000 - 0x00007ffd9c336000 	C:\android\android studio\jre\jre\bin\zip.dll
0x00007ffdb2c70000 - 0x00007ffdb407e000 	C:\Windows\system32\SHELL32.dll
0x00007ffdb4220000 - 0x00007ffdb43f7000 	C:\Windows\SYSTEM32\combase.dll
0x00007ffdb46c0000 - 0x00007ffdb4711000 	C:\Windows\system32\SHLWAPI.dll
0x00007ffdb09e0000 - 0x00007ffdb0a81000 	C:\Windows\SYSTEM32\SHCORE.dll
0x00007ffdb20f0000 - 0x00007ffdb2104000 	C:\Windows\SYSTEM32\profapi.dll

VM Arguments:
jvm_args: -Djava.awt.headless=true -Xmx1024M -Dfile.encoding=GBK -Duser.country=CN -Duser.language=zh -Duser.variant 
java_command: com.android.dx.command.Main --dex --num-threads=4 --output C:\android\code\NewLive\app\build\intermediates\pre-dexed\debug\classes_df44365792a84172b8cd312dad37b87f6d56527b.jar C:\android\code\NewLive\PhotoPicker-PhotoPicker\build\intermediates\bundles\default\classes.jar
java_class_path (initial): C:\android\sdk\build-tools\25.0.0\lib\dx.jar
Launcher Type: SUN_STANDARD

Environment Variables:
CLASSPATH=\Program Files (x86)\Java\jdk1.8.0_66\lib\tools.jar
PATH=C:\Program Files (x86)\Intel\iCLS Client\;C:\Program Files\Intel\iCLS Client\;C:\Windows\system32;C:\Windows;C:\Windows\System32\Wbem;C:\Windows\System32\WindowsPowerShell\v1.0\;C:\Program Files\MySQL\MySQL Server 5.5\bin;C:\Program Files (x86)\Microsoft SQL Server\100\Tools\Binn\;C:\Program Files\Microsoft SQL Server\100\Tools\Binn\;C:\Program Files\Microsoft SQL Server\100\DTS\Binn\;C:\Program Files (x86)\Microsoft SQL Server\100\Tools\Binn\VSShell\Common7\IDE\;C:\Program Files (x86)\Microsoft Visual Studio 9.0\Common7\IDE\PrivateAssemblies\;C:\Program Files (x86)\Microsoft SQL Server\100\DTS\Binn\;C:\android\sdk\platform-tools;C:\Program Files\Git\cmd;C:\Program Files (x86)\Java\jdk1.8.0_66\bin
USERNAME=xiaoyao
OS=Windows_NT
PROCESSOR_IDENTIFIER=Intel64 Family 6 Model 61 Stepping 4, GenuineIntel



---------------  S Y S T E M  ---------------

OS: Windows 8.1 , 64 bit Build 9600 (6.3.9600.16656)

CPU:total 4 (2 cores per cpu, 2 threads per core) family 6 model 61 stepping 4, cmov, cx8, fxsr, mmx, sse, sse2, sse3, ssse3, sse4.1, sse4.2, popcnt, avx, avx2, aes, clmul, erms, 3dnowpref, lzcnt, ht, tsc, tscinvbit, bmi1, bmi2, adx

Memory: 4k page, physical 4094376k(423772k free), swap 5957916k(4096k free)

vm_info: OpenJDK 64-Bit Server VM (25.112-b06) for windows-amd64 JRE (1.8.0_112-release-b06), built on Dec  8 2016 00:54:26 by "builder" with MS VC++ 10.0 (VS2010)

time: Wed Nov 01 23:33:05 2017
elapsed time: 2 seconds (0d 0h 0m 2s)

