#
# There is insufficient memory for the Java Runtime Environment to continue.
# Native memory allocation (malloc) failed to allocate 32744 bytes for ChunkPool::allocate
# Possible reasons:
#   The system is out of physical RAM or swap space
#   In 32 bit mode, the process size limit was hit
# Possible solutions:
#   Reduce memory load on the system
#   Increase physical memory or swap space
#   Check if swap backing store is full
#   Use 64 bit Java on a 64 bit OS
#   Decrease Java heap size (-Xmx/-Xms)
#   Decrease number of Java threads
#   Decrease Java thread stack sizes (-Xss)
#   Set larger code cache with -XX:ReservedCodeCacheSize=
# This output file may be truncated or incomplete.
#
#  Out of Memory Error (allocation.cpp:273), pid=5844, tid=0x0000000000001938
#
# JRE version: OpenJDK Runtime Environment (8.0_112-b06) (build 1.8.0_112-release-b06)
# Java VM: OpenJDK 64-Bit Server VM (25.112-b06 mixed mode windows-amd64 compressed oops)
# Failed to write core dump. Minidumps are not enabled by default on client versions of Windows
#

---------------  T H R E A D  ---------------

Current thread (0x0000000016bca000):  JavaThread "C1 CompilerThread2" daemon [_thread_in_native, id=6456, stack(0x0000000017370000,0x0000000017470000)]

Stack: [0x0000000017370000,0x0000000017470000]
[error occurred during error reporting (printing stack bounds), id 0xc0000005]

Native frames: (J=compiled Java code, j=interpreted, Vv=VM code, C=native code)


Current CompileTask:
C1:   1877  512   !   3       com.android.dx.cf.code.BytecodeArray::parseInstruction (2764 bytes)


---------------  P R O C E S S  ---------------

Java Threads: ( => current thread )
  0x0000000016d39000 JavaThread "pool-1-thread-4" [_thread_in_Java, id=5800, stack(0x0000000017a70000,0x0000000017b70000)]
  0x0000000016d08800 JavaThread "pool-1-thread-3" [_thread_blocked, id=5740, stack(0x0000000017970000,0x0000000017a70000)]
  0x0000000016d07000 JavaThread "pool-1-thread-2" [_thread_in_Java, id=5920, stack(0x0000000017870000,0x0000000017970000)]
  0x0000000016d06000 JavaThread "pool-2-thread-1" [_thread_blocked, id=7160, stack(0x0000000017770000,0x0000000017870000)]
  0x0000000016d03800 JavaThread "pool-1-thread-1" [_thread_in_Java, id=6004, stack(0x0000000017670000,0x0000000017770000)]
  0x0000000016bcf000 JavaThread "Service Thread" daemon [_thread_blocked, id=6396, stack(0x0000000017470000,0x0000000017570000)]
=>0x0000000016bca000 JavaThread "C1 CompilerThread2" daemon [_thread_in_native, id=6456, stack(0x0000000017370000,0x0000000017470000)]
  0x0000000016bc3000 JavaThread "C2 CompilerThread1" daemon [_thread_blocked, id=3400, stack(0x0000000017270000,0x0000000017370000)]
  0x00000000154d7000 JavaThread "C2 CompilerThread0" daemon [_thread_blocked, id=6404, stack(0x0000000017170000,0x0000000017270000)]
  0x000000001548c000 JavaThread "Attach Listener" daemon [_thread_blocked, id=1452, stack(0x0000000017070000,0x0000000017170000)]
  0x0000000016b78800 JavaThread "Signal Dispatcher" daemon [_thread_blocked, id=4828, stack(0x0000000016f70000,0x0000000017070000)]
  0x0000000002daa800 JavaThread "Finalizer" daemon [_thread_blocked, id=5572, stack(0x00000000166d0000,0x00000000167d0000)]
  0x0000000002da1000 JavaThread "Reference Handler" daemon [_thread_blocked, id=2976, stack(0x00000000165d0000,0x00000000166d0000)]
  0x0000000002cb0800 JavaThread "main" [_thread_blocked, id=3252, stack(0x0000000002840000,0x0000000002940000)]

Other Threads:
  0x0000000015444800 VMThread [stack: 0x00000000164d0000,0x00000000165d0000] [id=5784]
  0x0000000016bd0800 WatcherThread [stack: 0x0000000017570000,0x0000000017670000] [id=2668]

VM state:not at safepoint (normal execution)

VM Mutex/Monitor currently owned by a thread: None

Heap:
 PSYoungGen      total 18944K, used 10870K [0x00000000eab00000, 0x00000000ec000000, 0x0000000100000000)
  eden space 16384K, 66% used [0x00000000eab00000,0x00000000eb59d840,0x00000000ebb00000)
  from space 2560K, 0% used [0x00000000ebd80000,0x00000000ebd80000,0x00000000ec000000)
  to   space 2560K, 0% used [0x00000000ebb00000,0x00000000ebb00000,0x00000000ebd80000)
 ParOldGen       total 44032K, used 0K [0x00000000c0000000, 0x00000000c2b00000, 0x00000000eab00000)
  object space 44032K, 0% used [0x00000000c0000000,0x00000000c0000000,0x00000000c2b00000)
 Metaspace       used 5427K, capacity 6448K, committed 6528K, reserved 1056768K
  class space    used 570K, capacity 616K, committed 640K, reserved 1048576K

Card table byte_map: [0x0000000012170000,0x0000000012380000] byte_map_base: 0x0000000011b70000

Marking Bits: (ParMarkBitMap*) 0x0000000051dc18f0
 Begin Bits: [0x00000000128e0000, 0x00000000138e0000)
 End Bits:   [0x00000000138e0000, 0x00000000148e0000)

Polling page: 0x0000000000f70000

CodeCache: size=245760Kb used=2003Kb max_used=2022Kb free=243756Kb
 bounds [0x0000000002db0000, 0x0000000003020000, 0x0000000011db0000]
 total_blobs=780 nmethods=510 adapters=184
 compilation: enabled

Compilation events (10 events):
Event: 1.867 Thread 0x00000000154d7000 nmethod 384 0x0000000002f6c8d0 code [0x0000000002f6ca00, 0x0000000002f6ca98]
Event: 1.867 Thread 0x00000000154d7000  475   !   4       com.android.dx.util.FixedSizeList::get0 (47 bytes)
Event: 1.868 Thread 0x00000000154d7000 nmethod 475 0x0000000002faa850 code [0x0000000002faa980, 0x0000000002faaa38]
Event: 1.868 Thread 0x0000000016bc3000 nmethod 498 0x0000000002fa5fd0 code [0x0000000002fa6120, 0x0000000002fa6238]
Event: 1.868 Thread 0x0000000016bc3000  380       4       com.android.dx.util.ByteArray::getUnsignedByte (14 bytes)
Event: 1.869 Thread 0x0000000016bc3000 nmethod 380 0x0000000002fa5c10 code [0x0000000002fa5d60, 0x0000000002fa5e78]
Event: 1.869 Thread 0x0000000016bc3000  422       4       com.android.dx.rop.type.Type::getCategory (36 bytes)
Event: 1.870 Thread 0x0000000016bc3000 nmethod 422 0x0000000002f6e150 code [0x0000000002f6e280, 0x0000000002f6e2f8]
Event: 1.870 Thread 0x0000000016bc3000  442       4       com.android.dx.util.Bits::set (19 bytes)
Event: 1.870 Thread 0x0000000016bc3000 nmethod 442 0x0000000002fa5990 code [0x0000000002fa5ac0, 0x0000000002fa5b58]

GC Heap History (0 events):
No events

Deoptimization events (0 events):
No events

Internal exceptions (2 events):
Event: 0.110 Thread 0x0000000002cb0800 Exception <a 'java/lang/NoSuchMethodError': Method sun.misc.Unsafe.defineClass(Ljava/lang/String;[BII)Ljava/lang/Class; name or signature does not match> (0x00000000eab07c78) thrown at [C:\src\android\AOSP-openjdk\external\jetbrains\jdk\hotspot\src\share\v¹Àí›F¼?
Event: 0.110 Thread 0x0000000002cb0800 Exception <a 'java/lang/NoSuchMethodError': Method sun.misc.Unsafe.prefetchRead(Ljava/lang/Object;J)V name or signature does not match> (0x00000000eab07f60) thrown at [C:\src\android\AOSP-openjdk\external\jetbrains\jdk\hotspot\src\share\vm\prims\jni.cpp, l

Events (10 events):
Event: 1.859 loading class com/android/dx/dex/file/AnnotationItem$TypeIdSorter
Event: 1.859 loading class com/android/dx/dex/file/AnnotationItem$TypeIdSorter done
Event: 1.860 loading class com/android/dx/dex/file/TypeIdItem
Event: 1.860 loading class com/android/dx/dex/file/TypeIdItem done
Event: 1.860 loading class com/android/dx/dex/file/ValueEncoder
Event: 1.860 loading class com/android/dx/dex/file/ValueEncoder done
Event: 1.862 loading class com/android/dx/dex/file/StringIdItem
Event: 1.862 loading class com/android/dx/dex/file/StringIdItem done
Event: 1.865 loading class com/android/dx/dex/file/StringDataItem
Event: 1.865 loading class com/android/dx/dex/file/StringDataItem done


Dynamic libraries:
0x00007ff701920000 - 0x00007ff701951000 	C:\android\android studio\jre\bin\java.exe
0x00007ffdb5140000 - 0x00007ffdb52e9000 	C:\Windows\SYSTEM32\ntdll.dll
0x00007ffdb4830000 - 0x00007ffdb4969000 	C:\Windows\system32\KERNEL32.DLL
0x00007ffdb2270000 - 0x00007ffdb237e000 	C:\Windows\system32\KERNELBASE.dll
0x00007ffdb26e0000 - 0x00007ffdb2785000 	C:\Windows\system32\ADVAPI32.dll
0x00007ffdb2990000 - 0x00007ffdb2b01000 	C:\Windows\system32\USER32.dll
0x00007ffdb02d0000 - 0x00007ffdb052a000 	C:\Windows\WinSxS\amd64_microsoft.windows.common-controls_6595b64144ccf1df_6.0.9600.16384_none_62475f7becb72503\COMCTL32.dll
0x00007ffdb45d0000 - 0x00007ffdb4677000 	C:\Windows\system32\msvcrt.dll
0x00007ffdb4410000 - 0x00007ffdb4467000 	C:\Windows\SYSTEM32\sechost.dll
0x00007ffdb40e0000 - 0x00007ffdb4216000 	C:\Windows\system32\RPCRT4.dll
0x00007ffdb4480000 - 0x00007ffdb45c5000 	C:\Windows\system32\GDI32.dll
0x00007ffdb4680000 - 0x00007ffdb46b4000 	C:\Windows\system32\IMM32.DLL
0x00007ffdb2b10000 - 0x00007ffdb2c49000 	C:\Windows\system32\MSCTF.dll
0x0000000051440000 - 0x0000000051512000 	C:\android\android studio\jre\jre\bin\msvcr100.dll
0x0000000051600000 - 0x0000000051e3c000 	C:\android\android studio\jre\jre\bin\server\jvm.dll
0x00007ffdaa5a0000 - 0x00007ffdaa5a9000 	C:\Windows\SYSTEM32\WSOCK32.dll
0x00007ffdb23d0000 - 0x00007ffdb23ef000 	C:\Windows\system32\WINMM.dll
0x00007ffdaa0a0000 - 0x00007ffdaa0aa000 	C:\Windows\SYSTEM32\VERSION.dll
0x00007ffdb4720000 - 0x00007ffdb4727000 	C:\Windows\system32\PSAPI.DLL
0x00007ffdb4080000 - 0x00007ffdb40d8000 	C:\Windows\system32\WS2_32.dll
0x00007ffdb21f0000 - 0x00007ffdb221a000 	C:\Windows\system32\WINMMBASE.dll
0x00007ffdb2880000 - 0x00007ffdb2889000 	C:\Windows\system32\NSI.dll
0x00007ffdb24b0000 - 0x00007ffdb24fa000 	C:\Windows\SYSTEM32\cfgmgr32.dll
0x00007ffdb21a0000 - 0x00007ffdb21c6000 	C:\Windows\system32\DEVOBJ.dll
0x00007ffd9ce20000 - 0x00007ffd9ce2f000 	C:\android\android studio\jre\jre\bin\verify.dll
0x00007ffd9c340000 - 0x00007ffd9c369000 	C:\android\android studio\jre\jre\bin\java.dll
0x00007ffd9c320000 - 0x00007ffd9c336000 	C:\android\android studio\jre\jre\bin\zip.dll
0x00007ffdb2c70000 - 0x00007ffdb407e000 	C:\Windows\system32\SHELL32.dll
0x00007ffdb4220000 - 0x00007ffdb43f7000 	C:\Windows\SYSTEM32\combase.dll
0x00007ffdb46c0000 - 0x00007ffdb4711000 	C:\Windows\system32\SHLWAPI.dll
0x00007ffdb09e0000 - 0x00007ffdb0a81000 	C:\Windows\SYSTEM32\SHCORE.dll
0x00007ffdb20f0000 - 0x00007ffdb2104000 	C:\Windows\SYSTEM32\profapi.dll

VM Arguments:
jvm_args: -Djava.awt.headless=true -Xmx1024M -Dfile.encoding=GBK -Duser.country=CN -Duser.language=zh -Duser.variant 
java_command: com.android.dx.command.Main --dex --num-threads=4 --output C:\android\code\NewLive\app\build\intermediates\pre-dexed\debug\ShareSDK-Wechat-Core-3.0.0_77e94b1bfcdb5a23224a3888b5b4b2d080e08b53.jar C:\android\code\NewLive\app\libs\ShareSDK-Wechat-Core-3.0.0.jar
java_class_path (initial): C:\android\sdk\build-tools\25.0.0\lib\dx.jar
Launcher Type: SUN_STANDARD

Environment Variables:
CLASSPATH=\Program Files (x86)\Java\jdk1.8.0_66\lib\tools.jar
PATH=C:\Program Files (x86)\Intel\iCLS Client\;C:\Program Files\Intel\iCLS Client\;C:\Windows\system32;C:\Windows;C:\Windows\System32\Wbem;C:\Windows\System32\WindowsPowerShell\v1.0\;C:\Program Files\MySQL\MySQL Server 5.5\bin;C:\Program Files (x86)\Microsoft SQL Server\100\Tools\Binn\;C:\Program Files\Microsoft SQL Server\100\Tools\Binn\;C:\Program Files\Microsoft SQL Server\100\DTS\Binn\;C:\Program Files (x86)\Microsoft SQL Server\100\Tools\Binn\VSShell\Common7\IDE\;C:\Program Files (x86)\Microsoft Visual Studio 9.0\Common7\IDE\PrivateAssemblies\;C:\Program Files (x86)\Microsoft SQL Server\100\DTS\Binn\;C:\android\sdk\platform-tools;C:\Program Files\Git\cmd;C:\Program Files (x86)\Java\jdk1.8.0_66\bin
USERNAME=xiaoyao
OS=Windows_NT
PROCESSOR_IDENTIFIER=Intel64 Family 6 Model 61 Stepping 4, GenuineIntel



---------------  S Y S T E M  ---------------

OS: Windows 8.1 , 64 bit Build 9600 (6.3.9600.16656)

CPU:total 4 (2 cores per cpu, 2 threads per core) family 6 model 61 stepping 4, cmov, cx8, fxsr, mmx, sse, sse2, sse3, ssse3, sse4.1, sse4.2, popcnt, avx, avx2, aes, clmul, erms, 3dnowpref, lzcnt, ht, tsc, tscinvbit, bmi1, bmi2, adx

Memory: 4k page, physical 4094376k(405444k free), swap 5957916k(5116k free)

vm_info: OpenJDK 64-Bit Server VM (25.112-b06) for windows-amd64 JRE (1.8.0_112-release-b06), built on Dec  8 2016 00:54:26 by "builder" with MS VC++ 10.0 (VS2010)

time: Wed Nov 01 23:33:09 2017
elapsed time: 1 seconds (0d 0h 0m 1s)

