#
# There is insufficient memory for the Java Runtime Environment to continue.
# Native memory allocation (malloc) failed to allocate 390976 bytes for Chunk::new
# Possible reasons:
#   The system is out of physical RAM or swap space
#   In 32 bit mode, the process size limit was hit
# Possible solutions:
#   Reduce memory load on the system
#   Increase physical memory or swap space
#   Check if swap backing store is full
#   Use 64 bit Java on a 64 bit OS
#   Decrease Java heap size (-Xmx/-Xms)
#   Decrease number of Java threads
#   Decrease Java thread stack sizes (-Xss)
#   Set larger code cache with -XX:ReservedCodeCacheSize=
# This output file may be truncated or incomplete.
#
#  Out of Memory Error (allocation.cpp:390), pid=5968, tid=0x0000000000000814
#
# JRE version: OpenJDK Runtime Environment (8.0_112-b06) (build 1.8.0_112-release-b06)
# Java VM: OpenJDK 64-Bit Server VM (25.112-b06 mixed mode windows-amd64 compressed oops)
# Failed to write core dump. Minidumps are not enabled by default on client versions of Windows
#

---------------  T H R E A D  ---------------

Current thread (0x0000000014eea000):  JavaThread "C2 CompilerThread0" daemon [_thread_in_native, id=2068, stack(0x0000000016be0000,0x0000000016ce0000)]

Stack: [0x0000000016be0000,0x0000000016ce0000]
[error occurred during error reporting (printing stack bounds), id 0xc0000005]

Native frames: (J=compiled Java code, j=interpreted, Vv=VM code, C=native code)


Current CompileTask:
C2:   1240 1132       4       com.android.dx.ssa.SCCP::simulatePhi (169 bytes)


---------------  P R O C E S S  ---------------

Java Threads: ( => current thread )
  0x0000000016823000 JavaThread "pool-1-thread-4" [_thread_in_vm, id=5844, stack(0x00000000174e0000,0x00000000175e0000)]
  0x000000001681d000 JavaThread "pool-1-thread-3" [_thread_in_Java, id=4908, stack(0x00000000173e0000,0x00000000174e0000)]
  0x0000000016839800 JavaThread "pool-1-thread-2" [_thread_in_Java, id=196, stack(0x00000000172e0000,0x00000000173e0000)]
  0x0000000016838800 JavaThread "pool-2-thread-1" [_thread_blocked, id=6572, stack(0x00000000171e0000,0x00000000172e0000)]
  0x00000000167c4000 JavaThread "pool-1-thread-1" [_thread_in_Java, id=6904, stack(0x00000000170e0000,0x00000000171e0000)]
  0x000000001663d800 JavaThread "Service Thread" daemon [_thread_blocked, id=6668, stack(0x0000000016ee0000,0x0000000016fe0000)]
  0x0000000016638800 JavaThread "C1 CompilerThread2" daemon [_thread_blocked, id=1964, stack(0x0000000016de0000,0x0000000016ee0000)]
  0x0000000016632000 JavaThread "C2 CompilerThread1" daemon [_thread_in_native, id=5288, stack(0x0000000016ce0000,0x0000000016de0000)]
=>0x0000000014eea000 JavaThread "C2 CompilerThread0" daemon [_thread_in_native, id=2068, stack(0x0000000016be0000,0x0000000016ce0000)]
  0x0000000014ed6000 JavaThread "Attach Listener" daemon [_thread_blocked, id=7112, stack(0x0000000016ae0000,0x0000000016be0000)]
  0x00000000165e8800 JavaThread "Signal Dispatcher" daemon [_thread_blocked, id=6432, stack(0x00000000169e0000,0x0000000016ae0000)]
  0x0000000014ec8000 JavaThread "Finalizer" daemon [_thread_blocked, id=6636, stack(0x0000000016130000,0x0000000016230000)]
  0x0000000014ea7000 JavaThread "Reference Handler" daemon [_thread_blocked, id=4752, stack(0x0000000016030000,0x0000000016130000)]
  0x00000000026f0800 JavaThread "main" [_thread_in_Java, id=5804, stack(0x00000000022c0000,0x00000000023c0000)]

Other Threads:
  0x0000000014ea5800 VMThread [stack: 0x0000000015f30000,0x0000000016030000] [id=6396]
  0x0000000016640000 WatcherThread [stack: 0x0000000016fe0000,0x00000000170e0000] [id=6388]

VM state:synchronizing (normal execution)

VM Mutex/Monitor currently owned by a thread:  ([mutex/lock_event])
[0x00000000023cc0c0] Safepoint_lock - owner thread: 0x0000000014ea5800
[0x00000000023cbc40] Threads_lock - owner thread: 0x0000000014ea5800
[0x00000000023cc640] CompiledIC_lock - owner thread: 0x0000000016823000

Heap:
 PSYoungGen      total 18944K, used 16416K [0x00000000eab00000, 0x00000000ec000000, 0x0000000100000000)
  eden space 16384K, 84% used [0x00000000eab00000,0x00000000eb88f658,0x00000000ebb00000)
  from space 2560K, 98% used [0x00000000ebb00000,0x00000000ebd78aa0,0x00000000ebd80000)
  to   space 2560K, 0% used [0x00000000ebd80000,0x00000000ebd80000,0x00000000ec000000)
 ParOldGen       total 44032K, used 1995K [0x00000000c0000000, 0x00000000c2b00000, 0x00000000eab00000)
  object space 44032K, 4% used [0x00000000c0000000,0x00000000c01f2ec0,0x00000000c2b00000)
 Metaspace       used 5932K, capacity 6832K, committed 7040K, reserved 1056768K
  class space    used 576K, capacity 616K, committed 640K, reserved 1048576K

Card table byte_map: [0x0000000011bb0000,0x0000000011dc0000] byte_map_base: 0x00000000115b0000

Marking Bits: (ParMarkBitMap*) 0x0000000051dc18f0
 Begin Bits: [0x0000000012320000, 0x0000000013320000)
 End Bits:   [0x0000000013320000, 0x0000000014320000)

Polling page: 0x00000000023d0000

CodeCache: size=245760Kb used=4687Kb max_used=4687Kb free=241072Kb
 bounds [0x00000000027f0000, 0x0000000002c90000, 0x00000000117f0000]
 total_blobs=1459 nmethods=1189 adapters=184
 compilation: enabled

Compilation events (10 events):
Event: 1.236 Thread 0x0000000016638800 nmethod 1195 0x0000000002c86390 code [0x0000000002c86560, 0x0000000002c86e28]
Event: 1.236 Thread 0x0000000016638800 1188       3       com.android.dx.dex.code.SimpleInsn::<init> (8 bytes)
Event: 1.236 Thread 0x0000000016638800 nmethod 1188 0x0000000002c854d0 code [0x0000000002c85640, 0x0000000002c85828]
Event: 1.236 Thread 0x0000000016638800 1191       3       java.util.TreeMap$Values::iterator (19 bytes)
Event: 1.237 Thread 0x0000000016638800 nmethod 1191 0x0000000002c84bd0 code [0x0000000002c84d60, 0x0000000002c85270]
Event: 1.237 Thread 0x0000000016638800 1118       1       java.lang.Integer::intValue (5 bytes)
Event: 1.237 Thread 0x0000000016638800 nmethod 1118 0x0000000002c84910 code [0x0000000002c84a60, 0x0000000002c84b70]
Event: 1.237 Thread 0x0000000016638800 1120       1       com.android.dx.ssa.back.FirstFitLocalCombiningAllocator$Multiset::getSize (5 bytes)
Event: 1.237 Thread 0x0000000016638800 nmethod 1120 0x0000000002c87450 code [0x0000000002c875a0, 0x0000000002c876b0]
Event: 1.237 Thread 0x0000000016638800 1196       3       com.android.dx.dex.code.RopTranslator::pickOrder (400 bytes)

GC Heap History (2 events):
Event: 0.751 GC heap before
{Heap before GC invocations=1 (full 0):
 PSYoungGen      total 18944K, used 16384K [0x00000000eab00000, 0x00000000ec000000, 0x0000000100000000)
  eden space 16384K, 100% used [0x00000000eab00000,0x00000000ebb00000,0x00000000ebb00000)
  from space 2560K, 0% used [0x00000000ebd80000,0x00000000ebd80000,0x00000000ec000000)
  to   space 2560K, 0% used [0x00000000ebb00000,0x00000000ebb00000,0x00000000ebd80000)
 ParOldGen       total 44032K, used 0K [0x00000000c0000000, 0x00000000c2b00000, 0x00000000eab00000)
  object space 44032K, 0% used [0x00000000c0000000,0x00000000c0000000,0x00000000c2b00000)
 Metaspace       used 5702K, capacity 6704K, committed 6784K, reserved 1056768K
  class space    used 574K, capacity 616K, committed 640K, reserved 1048576K
Event: 0.758 GC heap after
Heap after GC invocations=1 (full 0):
 PSYoungGen      total 18944K, used 2530K [0x00000000eab00000, 0x00000000ec000000, 0x0000000100000000)
  eden space 16384K, 0% used [0x00000000eab00000,0x00000000eab00000,0x00000000ebb00000)
  from space 2560K, 98% used [0x00000000ebb00000,0x00000000ebd78aa0,0x00000000ebd80000)
  to   space 2560K, 0% used [0x00000000ebd80000,0x00000000ebd80000,0x00000000ec000000)
 ParOldGen       total 44032K, used 1995K [0x00000000c0000000, 0x00000000c2b00000, 0x00000000eab00000)
  object space 44032K, 4% used [0x00000000c0000000,0x00000000c01f2ec0,0x00000000c2b00000)
 Metaspace       used 5702K, capacity 6704K, committed 6784K, reserved 1056768K
  class space    used 574K, capacity 616K, committed 640K, reserved 1048576K
}

Deoptimization events (8 events):
Event: 0.326 Thread 0x00000000026f0800 Uncommon trap: reason=unstable_if action=reinterpret pc=0x0000000002934d14 method=java.lang.String.indexOf(II)I @ 49
Event: 0.657 Thread 0x0000000016823000 Uncommon trap: reason=unstable_if action=reinterpret pc=0x00000000029f65a4 method=java.util.HashMap.getNode(ILjava/lang/Object;)Ljava/util/HashMap$Node; @ 129
Event: 0.805 Thread 0x000000001681d000 Uncommon trap: reason=null_check action=make_not_entrant pc=0x0000000002b03ae8 method=com.android.dx.rop.type.Type.equals(Ljava/lang/Object;)Z @ 8
Event: 0.821 Thread 0x00000000026f0800 Uncommon trap: reason=unstable_if action=reinterpret pc=0x0000000002a45988 method=java.lang.String.<init>([CII)V @ 18
Event: 1.073 Thread 0x0000000016839800 Uncommon trap: reason=class_check action=maybe_recompile pc=0x0000000002a87a20 method=com.android.dx.ssa.NormalSsaInsn.accept(Lcom/android/dx/ssa/SsaInsn$Visitor;)V @ 9
Event: 1.162 Thread 0x000000001681d000 Uncommon trap: reason=unstable_if action=reinterpret pc=0x0000000002b7a8a8 method=com.android.dx.util.IntList.binarysearch(I)I @ 105
Event: 1.190 Thread 0x000000001681d000 Uncommon trap: reason=class_check action=maybe_recompile pc=0x0000000002beefc4 method=com.android.dx.ssa.NormalSsaInsn.accept(Lcom/android/dx/ssa/SsaInsn$Visitor;)V @ 9
Event: 1.190 Thread 0x000000001681d000 Uncommon trap: reason=class_check action=maybe_recompile pc=0x0000000002a56370 method=com.android.dx.ssa.NormalSsaInsn.accept(Lcom/android/dx/ssa/SsaInsn$Visitor;)V @ 9

Internal exceptions (3 events):
Event: 0.047 Thread 0x00000000026f0800 Exception <a 'java/lang/NoSuchMethodError': Method sun.misc.Unsafe.defineClass(Ljava/lang/String;[BII)Ljava/lang/Class; name or signature does not match> (0x00000000eab07c78) thrown at [C:\src\android\AOSP-openjdk\external\jetbrains\jdk\hotspot\src\share\v^
Ý3¨?
Event: 0.047 Thread 0x00000000026f0800 Exception <a 'java/lang/NoSuchMethodError': Method sun.misc.Unsafe.prefetchRead(Ljava/lang/Object;J)V name or signature does not match> (0x00000000eab07f60) thrown at [C:\src\android\AOSP-openjdk\external\jetbrains\jdk\hotspot\src\share\vm\prims\jni.cpp, l«%IëÅé?
Event: 0.805 Thread 0x000000001681d000 Implicit null exception at 0x0000000002b039e2 to 0x0000000002b03ada

Events (10 events):
Event: 1.073 Thread 0x0000000016839800 DEOPT UNPACKING pc=0x000000000283556a sp=0x00000000173deaf0 mode 2
Event: 1.162 Thread 0x000000001681d000 Uncommon trap: trap_request=0xffffff65 fr.pc=0x0000000002b7a8a8
Event: 1.162 Thread 0x000000001681d000 DEOPT PACKING pc=0x0000000002b7a8a8 sp=0x00000000174dedd0
Event: 1.162 Thread 0x000000001681d000 DEOPT UNPACKING pc=0x000000000283556a sp=0x00000000174ded48 mode 2
Event: 1.190 Thread 0x000000001681d000 Uncommon trap: trap_request=0xffffffde fr.pc=0x0000000002beefc4
Event: 1.190 Thread 0x000000001681d000 DEOPT PACKING pc=0x0000000002beefc4 sp=0x00000000174dec20
Event: 1.190 Thread 0x000000001681d000 DEOPT UNPACKING pc=0x000000000283556a sp=0x00000000174deb50 mode 2
Event: 1.190 Thread 0x000000001681d000 Uncommon trap: trap_request=0xffffffde fr.pc=0x0000000002a56370
Event: 1.190 Thread 0x000000001681d000 DEOPT PACKING pc=0x0000000002a56370 sp=0x00000000174deba0
Event: 1.190 Thread 0x000000001681d000 DEOPT UNPACKING pc=0x000000000283556a sp=0x00000000174deb40 mode 2


Dynamic libraries:
0x00007ff701920000 - 0x00007ff701951000 	C:\android\android studio\jre\bin\java.exe
0x00007ffdb5140000 - 0x00007ffdb52e9000 	C:\Windows\SYSTEM32\ntdll.dll
0x00007ffdb4830000 - 0x00007ffdb4969000 	C:\Windows\system32\KERNEL32.DLL
0x00007ffdb2270000 - 0x00007ffdb237e000 	C:\Windows\system32\KERNELBASE.dll
0x00007ffdb26e0000 - 0x00007ffdb2785000 	C:\Windows\system32\ADVAPI32.dll
0x00007ffdb2990000 - 0x00007ffdb2b01000 	C:\Windows\system32\USER32.dll
0x00007ffdb02d0000 - 0x00007ffdb052a000 	C:\Windows\WinSxS\amd64_microsoft.windows.common-controls_6595b64144ccf1df_6.0.9600.16384_none_62475f7becb72503\COMCTL32.dll
0x00007ffdb45d0000 - 0x00007ffdb4677000 	C:\Windows\system32\msvcrt.dll
0x00007ffdb4410000 - 0x00007ffdb4467000 	C:\Windows\SYSTEM32\sechost.dll
0x00007ffdb40e0000 - 0x00007ffdb4216000 	C:\Windows\system32\RPCRT4.dll
0x00007ffdb4480000 - 0x00007ffdb45c5000 	C:\Windows\system32\GDI32.dll
0x00007ffdb4680000 - 0x00007ffdb46b4000 	C:\Windows\system32\IMM32.DLL
0x00007ffdb2b10000 - 0x00007ffdb2c49000 	C:\Windows\system32\MSCTF.dll
0x0000000051440000 - 0x0000000051512000 	C:\android\android studio\jre\jre\bin\msvcr100.dll
0x0000000051600000 - 0x0000000051e3c000 	C:\android\android studio\jre\jre\bin\server\jvm.dll
0x00007ffdaa5a0000 - 0x00007ffdaa5a9000 	C:\Windows\SYSTEM32\WSOCK32.dll
0x00007ffdb23d0000 - 0x00007ffdb23ef000 	C:\Windows\system32\WINMM.dll
0x00007ffdaa0a0000 - 0x00007ffdaa0aa000 	C:\Windows\SYSTEM32\VERSION.dll
0x00007ffdb4720000 - 0x00007ffdb4727000 	C:\Windows\system32\PSAPI.DLL
0x00007ffdb4080000 - 0x00007ffdb40d8000 	C:\Windows\system32\WS2_32.dll
0x00007ffdb21f0000 - 0x00007ffdb221a000 	C:\Windows\system32\WINMMBASE.dll
0x00007ffdb2880000 - 0x00007ffdb2889000 	C:\Windows\system32\NSI.dll
0x00007ffdb24b0000 - 0x00007ffdb24fa000 	C:\Windows\SYSTEM32\cfgmgr32.dll
0x00007ffdb21a0000 - 0x00007ffdb21c6000 	C:\Windows\system32\DEVOBJ.dll
0x00007ffd9ce20000 - 0x00007ffd9ce2f000 	C:\android\android studio\jre\jre\bin\verify.dll
0x00007ffd9c340000 - 0x00007ffd9c369000 	C:\android\android studio\jre\jre\bin\java.dll
0x00007ffd9c320000 - 0x00007ffd9c336000 	C:\android\android studio\jre\jre\bin\zip.dll
0x00007ffdb2c70000 - 0x00007ffdb407e000 	C:\Windows\system32\SHELL32.dll
0x00007ffdb4220000 - 0x00007ffdb43f7000 	C:\Windows\SYSTEM32\combase.dll
0x00007ffdb46c0000 - 0x00007ffdb4711000 	C:\Windows\system32\SHLWAPI.dll
0x00007ffdb09e0000 - 0x00007ffdb0a81000 	C:\Windows\SYSTEM32\SHCORE.dll
0x00007ffdb20f0000 - 0x00007ffdb2104000 	C:\Windows\SYSTEM32\profapi.dll

VM Arguments:
jvm_args: -Djava.awt.headless=true -Xmx1024M -Dfile.encoding=GBK -Duser.country=CN -Duser.language=zh -Duser.variant 
java_command: com.android.dx.command.Main --dex --num-threads=4 --output C:\android\code\NewLive\app\build\intermediates\pre-dexed\debug\volly_792e6a606eb0c17dcab11cb2f3a46cc60133c629.jar C:\android\code\NewLive\app\libs\volly.jar
java_class_path (initial): C:\android\sdk\build-tools\25.0.0\lib\dx.jar
Launcher Type: SUN_STANDARD

Environment Variables:
CLASSPATH=\Program Files (x86)\Java\jdk1.8.0_66\lib\tools.jar
PATH=C:\Program Files (x86)\Intel\iCLS Client\;C:\Program Files\Intel\iCLS Client\;C:\Windows\system32;C:\Windows;C:\Windows\System32\Wbem;C:\Windows\System32\WindowsPowerShell\v1.0\;C:\Program Files\MySQL\MySQL Server 5.5\bin;C:\Program Files (x86)\Microsoft SQL Server\100\Tools\Binn\;C:\Program Files\Microsoft SQL Server\100\Tools\Binn\;C:\Program Files\Microsoft SQL Server\100\DTS\Binn\;C:\Program Files (x86)\Microsoft SQL Server\100\Tools\Binn\VSShell\Common7\IDE\;C:\Program Files (x86)\Microsoft Visual Studio 9.0\Common7\IDE\PrivateAssemblies\;C:\Program Files (x86)\Microsoft SQL Server\100\DTS\Binn\;C:\android\sdk\platform-tools;C:\Program Files\Git\cmd;C:\Program Files (x86)\Java\jdk1.8.0_66\bin
USERNAME=xiaoyao
OS=Windows_NT
PROCESSOR_IDENTIFIER=Intel64 Family 6 Model 61 Stepping 4, GenuineIntel



---------------  S Y S T E M  ---------------

OS: Windows 8.1 , 64 bit Build 9600 (6.3.9600.16656)

CPU:total 4 (2 cores per cpu, 2 threads per core) family 6 model 61 stepping 4, cmov, cx8, fxsr, mmx, sse, sse2, sse3, ssse3, sse4.1, sse4.2, popcnt, avx, avx2, aes, clmul, erms, 3dnowpref, lzcnt, ht, tsc, tscinvbit, bmi1, bmi2, adx

Memory: 4k page, physical 4094376k(422004k free), swap 5957916k(30100k free)

vm_info: OpenJDK 64-Bit Server VM (25.112-b06) for windows-amd64 JRE (1.8.0_112-release-b06), built on Dec  8 2016 00:54:26 by "builder" with MS VC++ 10.0 (VS2010)

time: Wed Nov 01 23:33:28 2017
elapsed time: 1 seconds (0d 0h 0m 1s)

