#
# There is insufficient memory for the Java Runtime Environment to continue.
# Native memory allocation (malloc) failed to allocate 1048576 bytes for AllocateHeap
# Possible reasons:
#   The system is out of physical RAM or swap space
#   In 32 bit mode, the process size limit was hit
# Possible solutions:
#   Reduce memory load on the system
#   Increase physical memory or swap space
#   Check if swap backing store is full
#   Use 64 bit Java on a 64 bit OS
#   Decrease Java heap size (-Xmx/-Xms)
#   Decrease number of Java threads
#   Decrease Java thread stack sizes (-Xss)
#   Set larger code cache with -XX:ReservedCodeCacheSize=
# This output file may be truncated or incomplete.
#
#  Out of Memory Error (memory/allocation.inline.hpp:61), pid=5604, tid=0x0000000000001574
#
# JRE version:  (8.0_112-b06) (build )
# Java VM: OpenJDK 64-Bit Server VM (25.112-b06 mixed mode windows-amd64 compressed oops)
# Failed to write core dump. Minidumps are not enabled by default on client versions of Windows
#

---------------  T H R E A D  ---------------

Current thread (0x0000000002010800):  JavaThread "Unknown thread" [_thread_in_vm, id=5492, stack(0x0000000001bf0000,0x0000000001cf0000)]

Stack: [0x0000000001bf0000,0x0000000001cf0000]
[error occurred during error reporting (printing stack bounds), id 0xc0000005]

Native frames: (J=compiled Java code, j=interpreted, Vv=VM code, C=native code)


---------------  P R O C E S S  ---------------

Java Threads: ( => current thread )

Other Threads:

=>0x0000000002010800 (exited) JavaThread "Unknown thread" [_thread_in_vm, id=5492, stack(0x0000000001bf0000,0x0000000001cf0000)]

VM state:not at safepoint (normal execution)

VM Mutex/Monitor currently owned by a thread: None

Heap:
 PSYoungGen      total 18944K, used 327K [0x00000000eab00000, 0x00000000ec000000, 0x0000000100000000)
  eden space 16384K, 2% used [0x00000000eab00000,0x00000000eab51ec8,0x00000000ebb00000)
  from space 2560K, 0% used [0x00000000ebd80000,0x00000000ebd80000,0x00000000ec000000)
  to   space 2560K, 0% used [0x00000000ebb00000,0x00000000ebb00000,0x00000000ebd80000)
 ParOldGen       total 44032K, used 0K [0x00000000c0000000, 0x00000000c2b00000, 0x00000000eab00000)
  object space 44032K, 0% used [0x00000000c0000000,0x00000000c0000000,0x00000000c2b00000)
 Metaspace       used 772K, capacity 4480K, committed 4480K, reserved 1056768K
  class space    used 73K, capacity 384K, committed 384K, reserved 1048576K

Card table byte_map: [0x00000000114d0000,0x00000000116e0000] byte_map_base: 0x0000000010ed0000

Marking Bits: (ParMarkBitMap*) 0x0000000061f018f0
 Begin Bits: [0x0000000011c40000, 0x0000000012c40000)
 End Bits:   [0x0000000012c40000, 0x0000000013c40000)

Polling page: 0x0000000001fe0000

CodeCache: size=245760Kb used=328Kb max_used=328Kb free=245431Kb
 bounds [0x0000000002110000, 0x0000000002380000, 0x0000000011110000]
 total_blobs=57 nmethods=0 adapters=38
 compilation: enabled

Compilation events (0 events):
No events

GC Heap History (0 events):
No events

Deoptimization events (0 events):
No events

Internal exceptions (0 events):
No events

Events (10 events):
Event: 0.103 loading class java/lang/Short
Event: 0.103 loading class java/lang/Short done
Event: 0.103 loading class java/lang/Integer
Event: 0.104 loading class java/lang/Integer done
Event: 0.104 loading class java/lang/Long
Event: 0.104 loading class java/lang/Long done
Event: 0.106 loading class java/lang/NullPointerException
Event: 0.106 loading class java/lang/NullPointerException done
Event: 0.106 loading class java/lang/ArithmeticException
Event: 0.106 loading class java/lang/ArithmeticException done


Dynamic libraries:
0x00007ff697110000 - 0x00007ff697141000 	C:\android\android studio\jre\bin\java.exe
0x00007ffb5ed40000 - 0x00007ffb5eee9000 	C:\Windows\SYSTEM32\ntdll.dll
0x00007ffb5e4b0000 - 0x00007ffb5e5e9000 	C:\Windows\system32\KERNEL32.DLL
0x00007ffb5bf20000 - 0x00007ffb5c02e000 	C:\Windows\system32\KERNELBASE.dll
0x00007ffb5eb50000 - 0x00007ffb5ebf5000 	C:\Windows\system32\ADVAPI32.dll
0x00007ffb5e9d0000 - 0x00007ffb5eb41000 	C:\Windows\system32\USER32.dll
0x00007ffb58b40000 - 0x00007ffb58d9a000 	C:\Windows\WinSxS\amd64_microsoft.windows.common-controls_6595b64144ccf1df_6.0.9600.16384_none_62475f7becb72503\COMCTL32.dll
0x00007ffb5ddc0000 - 0x00007ffb5de67000 	C:\Windows\system32\msvcrt.dll
0x00007ffb5c2e0000 - 0x00007ffb5c337000 	C:\Windows\SYSTEM32\sechost.dll
0x00007ffb5ec00000 - 0x00007ffb5ed36000 	C:\Windows\system32\RPCRT4.dll
0x00007ffb5dac0000 - 0x00007ffb5dc05000 	C:\Windows\system32\GDI32.dll
0x00007ffb5dc80000 - 0x00007ffb5dcb4000 	C:\Windows\system32\IMM32.DLL
0x00007ffb5e0e0000 - 0x00007ffb5e219000 	C:\Windows\system32\MSCTF.dll
0x0000000061580000 - 0x0000000061652000 	C:\android\android studio\jre\jre\bin\msvcr100.dll
0x0000000061740000 - 0x0000000061f7c000 	C:\android\android studio\jre\jre\bin\server\jvm.dll
0x00007ffb53700000 - 0x00007ffb53709000 	C:\Windows\SYSTEM32\WSOCK32.dll
0x00007ffb5c2c0000 - 0x00007ffb5c2df000 	C:\Windows\system32\WINMM.dll
0x00007ffb53190000 - 0x00007ffb5319a000 	C:\Windows\SYSTEM32\VERSION.dll
0x00007ffb5c400000 - 0x00007ffb5c407000 	C:\Windows\system32\PSAPI.DLL
0x00007ffb5e970000 - 0x00007ffb5e9c8000 	C:\Windows\system32\WS2_32.dll
0x00007ffb5bdd0000 - 0x00007ffb5bdfa000 	C:\Windows\system32\WINMMBASE.dll
0x00007ffb5e220000 - 0x00007ffb5e229000 	C:\Windows\system32\NSI.dll
0x00007ffb5be20000 - 0x00007ffb5be6a000 	C:\Windows\SYSTEM32\cfgmgr32.dll
0x00007ffb5bda0000 - 0x00007ffb5bdc6000 	C:\Windows\system32\DEVOBJ.dll
0x00007ffb50fb0000 - 0x00007ffb50fbf000 	C:\android\android studio\jre\jre\bin\verify.dll
0x00007ffb436a0000 - 0x00007ffb436c9000 	C:\android\android studio\jre\jre\bin\java.dll
0x00007ffb456d0000 - 0x00007ffb456e6000 	C:\android\android studio\jre\jre\bin\zip.dll

VM Arguments:
jvm_args: -Djava.awt.headless=true -Xmx1024M -Dfile.encoding=GBK -Duser.country=CN -Duser.language=zh -Duser.variant 
java_command: com.android.dx.command.Main --dex --num-threads=4 --output C:\Users\xiaoyao\Desktop\NewLive\app\build\intermediates\pre-dexed\debug\MobCommons-2017.0608.1618_6b8f3871a7edc5edafbc4536945d91eb04eff1ea.jar C:\Users\xiaoyao\Desktop\NewLive\app\libs\MobCommons-2017.0608.1618.jar
java_class_path (initial): C:\android\sdk\build-tools\25.0.0\lib\dx.jar
Launcher Type: SUN_STANDARD

Environment Variables:
CLASSPATH=\Program Files (x86)\Java\jdk1.8.0_66\lib\tools.jar
PATH=C:\Program Files (x86)\Intel\iCLS Client\;C:\Program Files\Intel\iCLS Client\;C:\Windows\system32;C:\Windows;C:\Windows\System32\Wbem;C:\Windows\System32\WindowsPowerShell\v1.0\;C:\Program Files\MySQL\MySQL Server 5.5\bin;C:\Program Files (x86)\Microsoft SQL Server\100\Tools\Binn\;C:\Program Files\Microsoft SQL Server\100\Tools\Binn\;C:\Program Files\Microsoft SQL Server\100\DTS\Binn\;C:\Program Files (x86)\Microsoft SQL Server\100\Tools\Binn\VSShell\Common7\IDE\;C:\Program Files (x86)\Microsoft Visual Studio 9.0\Common7\IDE\PrivateAssemblies\;C:\Program Files (x86)\Microsoft SQL Server\100\DTS\Binn\;C:\android\sdk\platform-tools;C:\Program Files\Git\cmd;C:\Program Files (x86)\Java\jdk1.8.0_66\bin
USERNAME=xiaoyao
OS=Windows_NT
PROCESSOR_IDENTIFIER=Intel64 Family 6 Model 61 Stepping 4, GenuineIntel



---------------  S Y S T E M  ---------------

OS: Windows 8.1 , 64 bit Build 9600 (6.3.9600.16656)

CPU:total 4 (2 cores per cpu, 2 threads per core) family 6 model 61 stepping 4, cmov, cx8, fxsr, mmx, sse, sse2, sse3, ssse3, sse4.1, sse4.2, popcnt, avx, avx2, aes, clmul, erms, 3dnowpref, lzcnt, ht, tsc, tscinvbit, bmi1, bmi2, adx

Memory: 4k page, physical 4094376k(195928k free), swap 5890164k(5144k free)

vm_info: OpenJDK 64-Bit Server VM (25.112-b06) for windows-amd64 JRE (1.8.0_112-release-b06), built on Dec  8 2016 00:54:26 by "builder" with MS VC++ 10.0 (VS2010)

time: Fri Nov 03 23:29:56 2017
elapsed time: 0 seconds (0d 0h 0m 0s)

